<?xml version="1.0" encoding="UTF-8"?>
<testsuite name="com.polarbookshop.edge_service.EdgeServiceApplicationTests" tests="1" skipped="0" failures="0" errors="0" timestamp="2024-06-11T00:45:46" hostname="MacBook-Pro-de-Daniel.local" time="0.498">
  <properties/>
  <testcase name="verifyThatSpringContextLoads()" classname="com.polarbookshop.edge_service.EdgeServiceApplicationTests" time="0.498"/>
  <system-out><![CDATA[21:45:34.252 [Test worker] DEBUG org.springframework.test.context.BootstrapUtils - Instantiating CacheAwareContextLoaderDelegate from class [org.springframework.test.context.cache.DefaultCacheAwareContextLoaderDelegate]
21:45:34.268 [Test worker] DEBUG org.springframework.test.context.BootstrapUtils - Instantiating BootstrapContext using constructor [public org.springframework.test.context.support.DefaultBootstrapContext(java.lang.Class,org.springframework.test.context.CacheAwareContextLoaderDelegate)]
21:45:34.339 [Test worker] DEBUG org.springframework.test.context.BootstrapUtils - Instantiating TestContextBootstrapper for test class [com.polarbookshop.edge_service.EdgeServiceApplicationTests] from class [org.springframework.boot.test.context.SpringBootTestContextBootstrapper]
21:45:34.353 [Test worker] INFO org.springframework.boot.test.context.SpringBootTestContextBootstrapper - Neither @ContextConfiguration nor @ContextHierarchy found for test class [com.polarbookshop.edge_service.EdgeServiceApplicationTests], using SpringBootContextLoader
21:45:34.358 [Test worker] DEBUG org.springframework.test.context.support.AbstractContextLoader - Did not detect default resource location for test class [com.polarbookshop.edge_service.EdgeServiceApplicationTests]: class path resource [com/polarbookshop/edge_service/EdgeServiceApplicationTests-context.xml] does not exist
21:45:34.358 [Test worker] DEBUG org.springframework.test.context.support.AbstractContextLoader - Did not detect default resource location for test class [com.polarbookshop.edge_service.EdgeServiceApplicationTests]: class path resource [com/polarbookshop/edge_service/EdgeServiceApplicationTestsContext.groovy] does not exist
21:45:34.359 [Test worker] INFO org.springframework.test.context.support.AbstractContextLoader - Could not detect default resource locations for test class [com.polarbookshop.edge_service.EdgeServiceApplicationTests]: no resource found for suffixes {-context.xml, Context.groovy}.
21:45:34.360 [Test worker] INFO org.springframework.test.context.support.AnnotationConfigContextLoaderUtils - Could not detect default configuration classes for test class [com.polarbookshop.edge_service.EdgeServiceApplicationTests]: EdgeServiceApplicationTests does not declare any static, non-private, non-final, nested classes annotated with @Configuration.
21:45:34.419 [Test worker] DEBUG org.springframework.test.context.support.ActiveProfilesUtils - Could not find an 'annotation declaring class' for annotation type [org.springframework.test.context.ActiveProfiles] and class [com.polarbookshop.edge_service.EdgeServiceApplicationTests]
21:45:34.475 [Test worker] DEBUG org.springframework.context.annotation.ClassPathScanningCandidateComponentProvider - Identified candidate component class: file [/Users/daniel/Documents/codigo_fonte/edge-service/build/classes/java/main/com/polarbookshop/edge_service/EdgeServiceApplication.class]
21:45:34.477 [Test worker] INFO org.springframework.boot.test.context.SpringBootTestContextBootstrapper - Found @SpringBootConfiguration com.polarbookshop.edge_service.EdgeServiceApplication for test class com.polarbookshop.edge_service.EdgeServiceApplicationTests
21:45:34.562 [Test worker] DEBUG org.springframework.boot.test.context.SpringBootTestContextBootstrapper - @TestExecutionListeners is not present for class [com.polarbookshop.edge_service.EdgeServiceApplicationTests]: using defaults.
21:45:34.563 [Test worker] INFO org.springframework.boot.test.context.SpringBootTestContextBootstrapper - Loaded default TestExecutionListener class names from location [META-INF/spring.factories]: [org.springframework.boot.test.autoconfigure.restdocs.RestDocsTestExecutionListener, org.springframework.boot.test.autoconfigure.web.client.MockRestServiceServerResetTestExecutionListener, org.springframework.boot.test.autoconfigure.web.servlet.MockMvcPrintOnlyOnFailureTestExecutionListener, org.springframework.boot.test.autoconfigure.web.servlet.WebDriverTestExecutionListener, org.springframework.boot.test.autoconfigure.webservices.client.MockWebServiceServerTestExecutionListener, org.springframework.boot.test.mock.mockito.MockitoTestExecutionListener, org.springframework.boot.test.mock.mockito.ResetMocksTestExecutionListener, org.springframework.test.context.web.ServletTestExecutionListener, org.springframework.test.context.support.DirtiesContextBeforeModesTestExecutionListener, org.springframework.test.context.event.ApplicationEventsTestExecutionListener, org.springframework.test.context.support.DependencyInjectionTestExecutionListener, org.springframework.test.context.support.DirtiesContextTestExecutionListener, org.springframework.test.context.transaction.TransactionalTestExecutionListener, org.springframework.test.context.jdbc.SqlScriptsTestExecutionListener, org.springframework.test.context.event.EventPublishingTestExecutionListener]
21:45:34.574 [Test worker] DEBUG org.springframework.boot.test.context.SpringBootTestContextBootstrapper - Skipping candidate TestExecutionListener [org.springframework.test.context.web.ServletTestExecutionListener] due to a missing dependency. Specify custom listener classes or make the default listener classes and their required dependencies available. Offending class: [javax/servlet/ServletContext]
21:45:34.582 [Test worker] INFO org.springframework.boot.test.context.SpringBootTestContextBootstrapper - Using TestExecutionListeners: [org.springframework.test.context.support.DirtiesContextBeforeModesTestExecutionListener@15051a0, org.springframework.test.context.event.ApplicationEventsTestExecutionListener@1162410a, org.springframework.boot.test.mock.mockito.MockitoTestExecutionListener@b09fac1, org.springframework.boot.test.autoconfigure.SpringBootDependencyInjectionTestExecutionListener@62df0ff3, org.springframework.test.context.support.DirtiesContextTestExecutionListener@61019f59, org.springframework.test.context.transaction.TransactionalTestExecutionListener@62e8f862, org.springframework.test.context.jdbc.SqlScriptsTestExecutionListener@26f3d90c, org.springframework.test.context.event.EventPublishingTestExecutionListener@3c49fab6, org.springframework.boot.test.autoconfigure.restdocs.RestDocsTestExecutionListener@515f4131, org.springframework.boot.test.autoconfigure.web.client.MockRestServiceServerResetTestExecutionListener@74518890, org.springframework.boot.test.autoconfigure.web.servlet.MockMvcPrintOnlyOnFailureTestExecutionListener@4c5204af, org.springframework.boot.test.autoconfigure.web.servlet.WebDriverTestExecutionListener@3f3ddbd9, org.springframework.boot.test.autoconfigure.webservices.client.MockWebServiceServerTestExecutionListener@14c053c6, org.springframework.boot.test.mock.mockito.ResetMocksTestExecutionListener@6c2d4cc6]
21:45:34.585 [Test worker] DEBUG org.springframework.test.context.support.AbstractDirtiesContextTestExecutionListener - Before test class: context [DefaultTestContext@5b43e173 testClass = EdgeServiceApplicationTests, testInstance = [null], testMethod = [null], testException = [null], mergedContextConfiguration = [ReactiveWebMergedContextConfiguration@28f8e165 testClass = EdgeServiceApplicationTests, locations = '{}', classes = '{class com.polarbookshop.edge_service.EdgeServiceApplication}', contextInitializerClasses = '[]', activeProfiles = '{}', propertySourceLocations = '{}', propertySourceProperties = '{org.springframework.boot.test.context.SpringBootTestContextBootstrapper=true, server.port=0}', contextCustomizers = set[org.springframework.boot.test.autoconfigure.actuate.metrics.MetricsExportContextCustomizerFactory$DisableMetricExportContextCustomizer@36676c1a, org.springframework.boot.test.autoconfigure.properties.PropertyMappingContextCustomizer@0, org.springframework.boot.test.autoconfigure.web.servlet.WebDriverContextCustomizerFactory$Customizer@6c8bca63, org.springframework.boot.test.context.filter.ExcludeFilterContextCustomizer@2b491fee, org.springframework.boot.test.json.DuplicateJsonObjectContextCustomizerFactory$DuplicateJsonObjectContextCustomizer@63192798, org.springframework.boot.test.mock.mockito.MockitoContextCustomizer@0, org.springframework.boot.test.web.client.TestRestTemplateContextCustomizer@6f0ca692, org.springframework.boot.test.web.reactive.server.WebTestClientContextCustomizer@1d7f7be7, org.springframework.test.context.support.DynamicPropertiesContextCustomizer@d76b7e2, org.springframework.boot.test.context.SpringBootTestArgs@1, org.springframework.boot.test.context.SpringBootTestWebEnvironment@3e2059ae], contextLoader = 'org.springframework.boot.test.context.SpringBootContextLoader', parent = [null]], attributes = map['org.springframework.test.context.web.ServletTestExecutionListener.activateListener' -> false]], class annotated with @DirtiesContext [false] with mode [null].
21:45:34.616 [Test worker] DEBUG org.testcontainers.utility.TestcontainersConfiguration - Testcontainers configuration overrides will be loaded from file:/Users/daniel/.testcontainers.properties
21:45:34.622 [Test worker] INFO org.testcontainers.images.PullPolicy - Image pull policy will be performed by: DefaultPullPolicy()
21:45:34.624 [Test worker] INFO org.testcontainers.utility.ImageNameSubstitutor - Image name substitution will be performed by: DefaultImageNameSubstitutor (composite of 'ConfigurationFileImageNameSubstitutor' and 'PrefixingImageNameSubstitutor')
21:45:34.879 [Test worker] INFO org.testcontainers.dockerclient.DockerClientProviderStrategy - Loaded org.testcontainers.dockerclient.UnixSocketClientProviderStrategy from ~/.testcontainers.properties, will try it first
21:45:34.891 [Test worker] DEBUG org.testcontainers.dockerclient.DockerClientProviderStrategy - Trying out strategy: UnixSocketClientProviderStrategy
21:45:35.063 [Test worker] DEBUG org.testcontainers.shaded.com.github.dockerjava.core.command.AbstrDockerCmd - Cmd: 
21:45:35.082 [Test worker] DEBUG com.github.dockerjava.zerodep.shaded.org.apache.hc.client5.http.impl.classic.InternalHttpClient - ex-00000001: preparing request execution
21:45:35.086 [Test worker] DEBUG com.github.dockerjava.zerodep.shaded.org.apache.hc.client5.http.protocol.RequestAddCookies - Cookie spec selected: strict
21:45:35.090 [Test worker] DEBUG com.github.dockerjava.zerodep.shaded.org.apache.hc.client5.http.protocol.RequestAuthCache - Auth cache not set in the context
21:45:35.090 [Test worker] DEBUG com.github.dockerjava.zerodep.shaded.org.apache.hc.client5.http.impl.classic.ProtocolExec - ex-00000001: target auth state: UNCHALLENGED
21:45:35.091 [Test worker] DEBUG com.github.dockerjava.zerodep.shaded.org.apache.hc.client5.http.impl.classic.ProtocolExec - ex-00000001: proxy auth state: UNCHALLENGED
21:45:35.092 [Test worker] DEBUG com.github.dockerjava.zerodep.shaded.org.apache.hc.client5.http.impl.classic.ConnectExec - ex-00000001: acquiring connection with route {}->unix://localhost:2375
21:45:35.092 [Test worker] DEBUG com.github.dockerjava.zerodep.shaded.org.apache.hc.client5.http.impl.classic.InternalHttpClient - ex-00000001: acquiring endpoint (3 MINUTES)
21:45:35.094 [Test worker] DEBUG com.github.dockerjava.zerodep.shaded.org.apache.hc.client5.http.impl.io.PoolingHttpClientConnectionManager - ex-00000001: endpoint lease request (3 MINUTES) [route: {}->unix://localhost:2375][total available: 0; route allocated: 0 of 2147483647; total allocated: 0 of 2147483647]
21:45:35.096 [Test worker] DEBUG com.github.dockerjava.zerodep.shaded.org.apache.hc.client5.http.impl.io.PoolingHttpClientConnectionManager - ex-00000001: endpoint leased [route: {}->unix://localhost:2375][total available: 0; route allocated: 1 of 2147483647; total allocated: 1 of 2147483647]
21:45:35.105 [Test worker] DEBUG com.github.dockerjava.zerodep.shaded.org.apache.hc.client5.http.impl.io.PoolingHttpClientConnectionManager - ex-00000001: acquired ep-00000000
21:45:35.106 [Test worker] DEBUG com.github.dockerjava.zerodep.shaded.org.apache.hc.client5.http.impl.classic.InternalHttpClient - ex-00000001: acquired endpoint ep-00000000
21:45:35.106 [Test worker] DEBUG com.github.dockerjava.zerodep.shaded.org.apache.hc.client5.http.impl.classic.ConnectExec - ex-00000001: opening connection {}->unix://localhost:2375
21:45:35.107 [Test worker] DEBUG com.github.dockerjava.zerodep.shaded.org.apache.hc.client5.http.impl.classic.InternalHttpClient - ep-00000000: connecting endpoint (3 MINUTES)
21:45:35.107 [Test worker] DEBUG com.github.dockerjava.zerodep.shaded.org.apache.hc.client5.http.impl.io.PoolingHttpClientConnectionManager - ep-00000000: connecting endpoint to unix://localhost:2375 (3 MINUTES)
21:45:35.110 [Test worker] DEBUG com.github.dockerjava.zerodep.shaded.org.apache.hc.client5.http.impl.io.DefaultHttpClientConnectionOperator - http-outgoing-0: connecting to localhost/127.0.0.1:2375
21:45:35.111 [Test worker] DEBUG com.github.dockerjava.zerodep.shaded.org.apache.hc.client5.http.impl.io.DefaultHttpClientConnectionOperator - http-outgoing-0: connection established /var/run/docker.sock<->/var/run/docker.sock
21:45:35.112 [Test worker] DEBUG com.github.dockerjava.zerodep.shaded.org.apache.hc.client5.http.impl.io.PoolingHttpClientConnectionManager - ep-00000000: connected http-outgoing-0
21:45:35.112 [Test worker] DEBUG com.github.dockerjava.zerodep.shaded.org.apache.hc.client5.http.impl.classic.InternalHttpClient - ep-00000000: endpoint connected
21:45:35.112 [Test worker] DEBUG com.github.dockerjava.zerodep.shaded.org.apache.hc.client5.http.impl.classic.MainClientExec - ex-00000001: executing GET /v1.32/info HTTP/1.1
21:45:35.113 [Test worker] DEBUG com.github.dockerjava.zerodep.shaded.org.apache.hc.client5.http.impl.classic.InternalHttpClient - ep-00000000: start execution ex-00000001
21:45:35.113 [Test worker] DEBUG com.github.dockerjava.zerodep.shaded.org.apache.hc.client5.http.impl.io.PoolingHttpClientConnectionManager - ep-00000000: executing exchange ex-00000001 over http-outgoing-0
21:45:35.114 [Test worker] DEBUG com.github.dockerjava.zerodep.shaded.org.apache.hc.client5.http.headers - http-outgoing-0 >> GET /v1.32/info HTTP/1.1
21:45:35.114 [Test worker] DEBUG com.github.dockerjava.zerodep.shaded.org.apache.hc.client5.http.headers - http-outgoing-0 >> x-tc-sid: 02f67430-f20c-4fdd-b619-db29e6c89474
21:45:35.115 [Test worker] DEBUG com.github.dockerjava.zerodep.shaded.org.apache.hc.client5.http.headers - http-outgoing-0 >> User-Agent: tc-java/1.19.3
21:45:35.115 [Test worker] DEBUG com.github.dockerjava.zerodep.shaded.org.apache.hc.client5.http.headers - http-outgoing-0 >> Accept-Encoding: gzip, x-gzip, deflate
21:45:35.115 [Test worker] DEBUG com.github.dockerjava.zerodep.shaded.org.apache.hc.client5.http.headers - http-outgoing-0 >> Host: localhost:2375
21:45:35.115 [Test worker] DEBUG com.github.dockerjava.zerodep.shaded.org.apache.hc.client5.http.headers - http-outgoing-0 >> Connection: keep-alive
21:45:35.115 [Test worker] DEBUG com.github.dockerjava.zerodep.shaded.org.apache.hc.client5.http.wire - http-outgoing-0 >> "GET /v1.32/info HTTP/1.1[\r][\n]"
21:45:35.115 [Test worker] DEBUG com.github.dockerjava.zerodep.shaded.org.apache.hc.client5.http.wire - http-outgoing-0 >> "x-tc-sid: 02f67430-f20c-4fdd-b619-db29e6c89474[\r][\n]"
21:45:35.115 [Test worker] DEBUG com.github.dockerjava.zerodep.shaded.org.apache.hc.client5.http.wire - http-outgoing-0 >> "User-Agent: tc-java/1.19.3[\r][\n]"
21:45:35.115 [Test worker] DEBUG com.github.dockerjava.zerodep.shaded.org.apache.hc.client5.http.wire - http-outgoing-0 >> "Accept-Encoding: gzip, x-gzip, deflate[\r][\n]"
21:45:35.115 [Test worker] DEBUG com.github.dockerjava.zerodep.shaded.org.apache.hc.client5.http.wire - http-outgoing-0 >> "Host: localhost:2375[\r][\n]"
21:45:35.116 [Test worker] DEBUG com.github.dockerjava.zerodep.shaded.org.apache.hc.client5.http.wire - http-outgoing-0 >> "Connection: keep-alive[\r][\n]"
21:45:35.116 [Test worker] DEBUG com.github.dockerjava.zerodep.shaded.org.apache.hc.client5.http.wire - http-outgoing-0 >> "[\r][\n]"
21:45:35.130 [Test worker] DEBUG com.github.dockerjava.zerodep.shaded.org.apache.hc.client5.http.wire - http-outgoing-0 << "HTTP/1.1 200 OK[\r][\n]"
21:45:35.130 [Test worker] DEBUG com.github.dockerjava.zerodep.shaded.org.apache.hc.client5.http.wire - http-outgoing-0 << "Api-Version: 1.43[\r][\n]"
21:45:35.130 [Test worker] DEBUG com.github.dockerjava.zerodep.shaded.org.apache.hc.client5.http.wire - http-outgoing-0 << "Content-Type: application/json[\r][\n]"
21:45:35.130 [Test worker] DEBUG com.github.dockerjava.zerodep.shaded.org.apache.hc.client5.http.wire - http-outgoing-0 << "Date: Tue, 11 Jun 2024 00:45:35 GMT[\r][\n]"
21:45:35.130 [Test worker] DEBUG com.github.dockerjava.zerodep.shaded.org.apache.hc.client5.http.wire - http-outgoing-0 << "Docker-Experimental: false[\r][\n]"
21:45:35.130 [Test worker] DEBUG com.github.dockerjava.zerodep.shaded.org.apache.hc.client5.http.wire - http-outgoing-0 << "Ostype: linux[\r][\n]"
21:45:35.130 [Test worker] DEBUG com.github.dockerjava.zerodep.shaded.org.apache.hc.client5.http.wire - http-outgoing-0 << "Server: Docker/24.0.2 (linux)[\r][\n]"
21:45:35.130 [Test worker] DEBUG com.github.dockerjava.zerodep.shaded.org.apache.hc.client5.http.wire - http-outgoing-0 << "Transfer-Encoding: chunked[\r][\n]"
21:45:35.130 [Test worker] DEBUG com.github.dockerjava.zerodep.shaded.org.apache.hc.client5.http.wire - http-outgoing-0 << "[\r][\n]"
21:45:35.133 [Test worker] DEBUG com.github.dockerjava.zerodep.shaded.org.apache.hc.client5.http.headers - http-outgoing-0 << HTTP/1.1 200 OK
21:45:35.134 [Test worker] DEBUG com.github.dockerjava.zerodep.shaded.org.apache.hc.client5.http.headers - http-outgoing-0 << Api-Version: 1.43
21:45:35.134 [Test worker] DEBUG com.github.dockerjava.zerodep.shaded.org.apache.hc.client5.http.headers - http-outgoing-0 << Content-Type: application/json
21:45:35.134 [Test worker] DEBUG com.github.dockerjava.zerodep.shaded.org.apache.hc.client5.http.headers - http-outgoing-0 << Date: Tue, 11 Jun 2024 00:45:35 GMT
21:45:35.134 [Test worker] DEBUG com.github.dockerjava.zerodep.shaded.org.apache.hc.client5.http.headers - http-outgoing-0 << Docker-Experimental: false
21:45:35.134 [Test worker] DEBUG com.github.dockerjava.zerodep.shaded.org.apache.hc.client5.http.headers - http-outgoing-0 << Ostype: linux
21:45:35.134 [Test worker] DEBUG com.github.dockerjava.zerodep.shaded.org.apache.hc.client5.http.headers - http-outgoing-0 << Server: Docker/24.0.2 (linux)
21:45:35.134 [Test worker] DEBUG com.github.dockerjava.zerodep.shaded.org.apache.hc.client5.http.headers - http-outgoing-0 << Transfer-Encoding: chunked
21:45:35.137 [Test worker] DEBUG com.github.dockerjava.zerodep.shaded.org.apache.hc.client5.http.impl.classic.MainClientExec - ex-00000001: connection can be kept alive for 3 MINUTES
21:45:35.141 [Test worker] DEBUG com.github.dockerjava.zerodep.shaded.org.apache.hc.client5.http.wire - http-outgoing-0 << "965[\r][\n]"
21:45:35.141 [Test worker] DEBUG com.github.dockerjava.zerodep.shaded.org.apache.hc.client5.http.wire - http-outgoing-0 << "{"ID":"590c9ef1-f90a-4b43-9603-cfc37af7b485","Containers":42,"ContainersRunning":37,"ContainersPaused":0,"ContainersStopped":5,"Images":34,"Driver":"overlay2","DriverStatus":[["Backing Filesystem","extfs"],["Supports d_type","true"],["Using metacopy","false"],["Native Overlay Diff","true"],["userxattr","false"]],"Plugins":{"Volume":["local"],"Network":["bridge","host","ipvlan","macvlan","null","overlay"],"Authorization":null,"Log":["awslogs","fluentd","gcplogs","gelf","journald","json-file","local","logentries","splunk","syslog"]},"MemoryLimit":true,"SwapLimit":true,"CpuCfsPeriod":true,"CpuCfsQuota":true,"CPUShares":true,"CPUSet":true,"PidsLimit":true,"IPv4Forwarding":true,"BridgeNfIptables":true,"BridgeNfIp6tables":true,"Debug":false,"NFd":164,"OomKillDisable":false,"NGoroutines":160,"SystemTime":"2024-06-11T00:45:35.119306136Z","LoggingDriver":"json-file","CgroupDriver":"cgroupfs","CgroupVersion":"2","NEventsListener":9,"KernelVersion":"5.15.49-linuxkit-pr","OperatingSystem":"Docker Desktop","OSVersion":"","OSType":"linux","Architecture":"x86_64","IndexServerAddress":"https://index.docker.io/v1/","RegistryConfig":{"AllowNondistributableArtifactsCIDRs":null,"AllowNondistributableArtifactsHostnames":null,"InsecureRegistryCIDRs":["127.0.0.0/8"],"IndexConfigs":{"docker.io":{"Name":"docker.io","Mirrors":[],"Secure":true,"Official":true},"hubproxy.docker.internal:5555":{"Name":"hubproxy.docker.internal:5555","Mirrors":[],"Secure":false,"Official":false}},"Mirrors":null},"NCPU":4,"MemTotal":8241238016,"GenericResources":null,"DockerRootDir":"/var/lib/docker","HttpProxy":"http.docker.internal:3128","HttpsProxy":"http.docker.internal:3128","NoProxy":"hubproxy.docker.internal","Name":"docker-desktop","Labels":[],"ExperimentalBuild":false,"ServerVersion":"24.0.2","Runtimes":{"io.containerd.runc.v2":{"path":"runc"},"runc":{"path":"runc"}},"DefaultRuntime":"runc","Swarm":{"NodeID":"","NodeAddr":"","LocalNodeState":"inactive","ControlAvailable":false,"Error":"","RemoteManagers":null},"LiveRestoreEnabled":false,"Isolation":"","InitBinary":"docker-init","ContainerdCommit":{"ID":"3dce8eb055cbb6872793272b4f20ed16117344f8","Expected":"3dce8eb055cbb6872793272b4f20ed16117344f8"},"RuncCommit":{"ID":"v1.1.7-0-g860f061","Expected":"v1.1.7-0-g860f061"},"InitCommit":{"ID":"de40ad0","Expected":"de40ad0"},"SecurityOptions":["name=seccomp,profile=builtin","name=cgroupns"],"Warnings":null}[\n]"
21:45:35.141 [Test worker] DEBUG com.github.dockerjava.zerodep.shaded.org.apache.hc.client5.http.wire - http-outgoing-0 << "[\r][\n]"
21:45:35.141 [Test worker] DEBUG com.github.dockerjava.zerodep.shaded.org.apache.hc.client5.http.wire - http-outgoing-0 << "0[\r][\n]"
21:45:35.141 [Test worker] DEBUG com.github.dockerjava.zerodep.shaded.org.apache.hc.client5.http.wire - http-outgoing-0 << "[\r][\n]"
21:45:35.204 [Test worker] DEBUG com.github.dockerjava.zerodep.shaded.org.apache.hc.client5.http.impl.classic.InternalHttpClient - ep-00000000: releasing valid endpoint
21:45:35.204 [Test worker] DEBUG com.github.dockerjava.zerodep.shaded.org.apache.hc.client5.http.impl.io.PoolingHttpClientConnectionManager - ep-00000000: releasing endpoint
21:45:35.204 [Test worker] DEBUG com.github.dockerjava.zerodep.shaded.org.apache.hc.client5.http.impl.io.PoolingHttpClientConnectionManager - ep-00000000: connection http-outgoing-0 can be kept alive for 3 MINUTES
21:45:35.205 [Test worker] DEBUG com.github.dockerjava.zerodep.shaded.org.apache.hc.client5.http.impl.io.PoolingHttpClientConnectionManager - ep-00000000: connection released [route: {}->unix://localhost:2375][total available: 1; route allocated: 1 of 2147483647; total allocated: 1 of 2147483647]
21:45:35.205 [Test worker] INFO org.testcontainers.dockerclient.DockerClientProviderStrategy - Found Docker environment with local Unix socket (unix:///var/run/docker.sock)
21:45:35.206 [Test worker] DEBUG org.testcontainers.dockerclient.DockerClientProviderStrategy - Transport type: 'httpclient5', Docker host: 'unix:///var/run/docker.sock'
21:45:35.206 [Test worker] DEBUG org.testcontainers.dockerclient.DockerClientProviderStrategy - Checking Docker OS type for local Unix socket (unix:///var/run/docker.sock)
21:45:35.208 [Test worker] INFO org.testcontainers.DockerClientFactory - Docker host IP address is localhost
21:45:35.208 [Test worker] DEBUG org.testcontainers.DockerClientFactory - Docker info: {NGoroutines=160, Name=docker-desktop, Swarm={NodeID=, NodeAddr=, LocalNodeState=inactive, ControlAvailable=false, Error=, RemoteManagers=null}, RuncCommit={ID=v1.1.7-0-g860f061, Expected=v1.1.7-0-g860f061}, OSVersion=, Runtimes={io.containerd.runc.v2={path=runc}, runc={path=runc}}, ID=590c9ef1-f90a-4b43-9603-cfc37af7b485, DriverStatus=[[Backing Filesystem, extfs], [Supports d_type, true], [Using metacopy, false], [Native Overlay Diff, true], [userxattr, false]], BridgeNfIptables=true, LiveRestoreEnabled=false, SystemTime=2024-06-11T00:45:35.119306136Z, NoProxy=hubproxy.docker.internal, Architecture=x86_64, NEventsListener=9, HttpsProxy=http.docker.internal:3128, Images=34, ContainersRunning=37, Labels=[], InitCommit={ID=de40ad0, Expected=de40ad0}, NFd=164, KernelVersion=5.15.49-linuxkit-pr, LoggingDriver=json-file, OSType=linux, SecurityOptions=[name=seccomp,profile=builtin, name=cgroupns], ContainerdCommit={ID=3dce8eb055cbb6872793272b4f20ed16117344f8, Expected=3dce8eb055cbb6872793272b4f20ed16117344f8}, GenericResources=null, OperatingSystem=Docker Desktop, RegistryConfig={AllowNondistributableArtifactsCIDRs=null, AllowNondistributableArtifactsHostnames=null, InsecureRegistryCIDRs=[127.0.0.0/8], IndexConfigs={docker.io={Name=docker.io, Mirrors=[], Secure=true, Official=true}, hubproxy.docker.internal:5555={Name=hubproxy.docker.internal:5555, Mirrors=[], Secure=false, Official=false}}, Mirrors=null}, ServerVersion=24.0.2, OomKillDisable=false, CpuCfsQuota=true, Containers=42, Driver=overlay2, IPv4Forwarding=true, ExperimentalBuild=false, DockerRootDir=/var/lib/docker, CPUSet=true, CpuCfsPeriod=true, DefaultRuntime=runc, CPUShares=true, Debug=false, NCPU=4, Plugins={Volume=[local], Network=[bridge, host, ipvlan, macvlan, null, overlay], Authorization=null, Log=[awslogs, fluentd, gcplogs, gelf, journald, json-file, local, logentries, splunk, syslog]}, SwapLimit=true, CgroupDriver=cgroupfs, ContainersPaused=0, MemTotal=8241238016, IndexServerAddress=https://index.docker.io/v1/, MemoryLimit=true, HttpProxy=http.docker.internal:3128, InitBinary=docker-init, CgroupVersion=2, PidsLimit=true, Isolation=, BridgeNfIp6tables=true, Warnings=null, ContainersStopped=5}
21:45:35.210 [Test worker] DEBUG org.testcontainers.shaded.com.github.dockerjava.core.command.AbstrDockerCmd - Cmd: 
21:45:35.211 [Test worker] DEBUG com.github.dockerjava.zerodep.shaded.org.apache.hc.client5.http.impl.classic.InternalHttpClient - ex-00000002: preparing request execution
21:45:35.211 [Test worker] DEBUG com.github.dockerjava.zerodep.shaded.org.apache.hc.client5.http.protocol.RequestAddCookies - Cookie spec selected: strict
21:45:35.211 [Test worker] DEBUG com.github.dockerjava.zerodep.shaded.org.apache.hc.client5.http.protocol.RequestAuthCache - Auth cache not set in the context
21:45:35.211 [Test worker] DEBUG com.github.dockerjava.zerodep.shaded.org.apache.hc.client5.http.impl.classic.ProtocolExec - ex-00000002: target auth state: UNCHALLENGED
21:45:35.211 [Test worker] DEBUG com.github.dockerjava.zerodep.shaded.org.apache.hc.client5.http.impl.classic.ProtocolExec - ex-00000002: proxy auth state: UNCHALLENGED
21:45:35.212 [Test worker] DEBUG com.github.dockerjava.zerodep.shaded.org.apache.hc.client5.http.impl.classic.ConnectExec - ex-00000002: acquiring connection with route {}->unix://localhost:2375
21:45:35.212 [Test worker] DEBUG com.github.dockerjava.zerodep.shaded.org.apache.hc.client5.http.impl.classic.InternalHttpClient - ex-00000002: acquiring endpoint (3 MINUTES)
21:45:35.212 [Test worker] DEBUG com.github.dockerjava.zerodep.shaded.org.apache.hc.client5.http.impl.io.PoolingHttpClientConnectionManager - ex-00000002: endpoint lease request (3 MINUTES) [route: {}->unix://localhost:2375][total available: 1; route allocated: 1 of 2147483647; total allocated: 1 of 2147483647]
21:45:35.212 [Test worker] DEBUG com.github.dockerjava.zerodep.shaded.org.apache.hc.client5.http.impl.io.PoolingHttpClientConnectionManager - ex-00000002: endpoint leased [route: {}->unix://localhost:2375][total available: 0; route allocated: 1 of 2147483647; total allocated: 1 of 2147483647]
21:45:35.213 [Test worker] DEBUG com.github.dockerjava.zerodep.shaded.org.apache.hc.client5.http.impl.io.PoolingHttpClientConnectionManager - ex-00000002: acquired ep-00000001
21:45:35.213 [Test worker] DEBUG com.github.dockerjava.zerodep.shaded.org.apache.hc.client5.http.impl.classic.InternalHttpClient - ex-00000002: acquired endpoint ep-00000001
21:45:35.213 [Test worker] DEBUG com.github.dockerjava.zerodep.shaded.org.apache.hc.client5.http.impl.classic.MainClientExec - ex-00000002: executing GET /v1.32/version HTTP/1.1
21:45:35.213 [Test worker] DEBUG com.github.dockerjava.zerodep.shaded.org.apache.hc.client5.http.impl.classic.InternalHttpClient - ep-00000001: start execution ex-00000002
21:45:35.213 [Test worker] DEBUG com.github.dockerjava.zerodep.shaded.org.apache.hc.client5.http.impl.io.PoolingHttpClientConnectionManager - ep-00000001: executing exchange ex-00000002 over http-outgoing-0
21:45:35.213 [Test worker] DEBUG com.github.dockerjava.zerodep.shaded.org.apache.hc.client5.http.headers - http-outgoing-0 >> GET /v1.32/version HTTP/1.1
21:45:35.213 [Test worker] DEBUG com.github.dockerjava.zerodep.shaded.org.apache.hc.client5.http.headers - http-outgoing-0 >> accept: application/json
21:45:35.214 [Test worker] DEBUG com.github.dockerjava.zerodep.shaded.org.apache.hc.client5.http.headers - http-outgoing-0 >> x-tc-sid: 02f67430-f20c-4fdd-b619-db29e6c89474
21:45:35.214 [Test worker] DEBUG com.github.dockerjava.zerodep.shaded.org.apache.hc.client5.http.headers - http-outgoing-0 >> User-Agent: tc-java/1.19.3
21:45:35.214 [Test worker] DEBUG com.github.dockerjava.zerodep.shaded.org.apache.hc.client5.http.headers - http-outgoing-0 >> Accept-Encoding: gzip, x-gzip, deflate
21:45:35.214 [Test worker] DEBUG com.github.dockerjava.zerodep.shaded.org.apache.hc.client5.http.headers - http-outgoing-0 >> Host: localhost:2375
21:45:35.214 [Test worker] DEBUG com.github.dockerjava.zerodep.shaded.org.apache.hc.client5.http.headers - http-outgoing-0 >> Connection: keep-alive
21:45:35.214 [Test worker] DEBUG com.github.dockerjava.zerodep.shaded.org.apache.hc.client5.http.wire - http-outgoing-0 >> "GET /v1.32/version HTTP/1.1[\r][\n]"
21:45:35.214 [Test worker] DEBUG com.github.dockerjava.zerodep.shaded.org.apache.hc.client5.http.wire - http-outgoing-0 >> "accept: application/json[\r][\n]"
21:45:35.214 [Test worker] DEBUG com.github.dockerjava.zerodep.shaded.org.apache.hc.client5.http.wire - http-outgoing-0 >> "x-tc-sid: 02f67430-f20c-4fdd-b619-db29e6c89474[\r][\n]"
21:45:35.214 [Test worker] DEBUG com.github.dockerjava.zerodep.shaded.org.apache.hc.client5.http.wire - http-outgoing-0 >> "User-Agent: tc-java/1.19.3[\r][\n]"
21:45:35.214 [Test worker] DEBUG com.github.dockerjava.zerodep.shaded.org.apache.hc.client5.http.wire - http-outgoing-0 >> "Accept-Encoding: gzip, x-gzip, deflate[\r][\n]"
21:45:35.215 [Test worker] DEBUG com.github.dockerjava.zerodep.shaded.org.apache.hc.client5.http.wire - http-outgoing-0 >> "Host: localhost:2375[\r][\n]"
21:45:35.215 [Test worker] DEBUG com.github.dockerjava.zerodep.shaded.org.apache.hc.client5.http.wire - http-outgoing-0 >> "Connection: keep-alive[\r][\n]"
21:45:35.215 [Test worker] DEBUG com.github.dockerjava.zerodep.shaded.org.apache.hc.client5.http.wire - http-outgoing-0 >> "[\r][\n]"
21:45:35.228 [Test worker] DEBUG com.github.dockerjava.zerodep.shaded.org.apache.hc.client5.http.wire - http-outgoing-0 << "HTTP/1.1 200 OK[\r][\n]"
21:45:35.228 [Test worker] DEBUG com.github.dockerjava.zerodep.shaded.org.apache.hc.client5.http.wire - http-outgoing-0 << "Api-Version: 1.43[\r][\n]"
21:45:35.229 [Test worker] DEBUG com.github.dockerjava.zerodep.shaded.org.apache.hc.client5.http.wire - http-outgoing-0 << "Content-Type: application/json[\r][\n]"
21:45:35.229 [Test worker] DEBUG com.github.dockerjava.zerodep.shaded.org.apache.hc.client5.http.wire - http-outgoing-0 << "Date: Tue, 11 Jun 2024 00:45:35 GMT[\r][\n]"
21:45:35.229 [Test worker] DEBUG com.github.dockerjava.zerodep.shaded.org.apache.hc.client5.http.wire - http-outgoing-0 << "Docker-Experimental: false[\r][\n]"
21:45:35.229 [Test worker] DEBUG com.github.dockerjava.zerodep.shaded.org.apache.hc.client5.http.wire - http-outgoing-0 << "Ostype: linux[\r][\n]"
21:45:35.229 [Test worker] DEBUG com.github.dockerjava.zerodep.shaded.org.apache.hc.client5.http.wire - http-outgoing-0 << "Server: Docker/24.0.2 (linux)[\r][\n]"
21:45:35.229 [Test worker] DEBUG com.github.dockerjava.zerodep.shaded.org.apache.hc.client5.http.wire - http-outgoing-0 << "Transfer-Encoding: chunked[\r][\n]"
21:45:35.229 [Test worker] DEBUG com.github.dockerjava.zerodep.shaded.org.apache.hc.client5.http.wire - http-outgoing-0 << "[\r][\n]"
21:45:35.230 [Test worker] DEBUG com.github.dockerjava.zerodep.shaded.org.apache.hc.client5.http.headers - http-outgoing-0 << HTTP/1.1 200 OK
21:45:35.230 [Test worker] DEBUG com.github.dockerjava.zerodep.shaded.org.apache.hc.client5.http.headers - http-outgoing-0 << Api-Version: 1.43
21:45:35.230 [Test worker] DEBUG com.github.dockerjava.zerodep.shaded.org.apache.hc.client5.http.headers - http-outgoing-0 << Content-Type: application/json
21:45:35.230 [Test worker] DEBUG com.github.dockerjava.zerodep.shaded.org.apache.hc.client5.http.headers - http-outgoing-0 << Date: Tue, 11 Jun 2024 00:45:35 GMT
21:45:35.230 [Test worker] DEBUG com.github.dockerjava.zerodep.shaded.org.apache.hc.client5.http.headers - http-outgoing-0 << Docker-Experimental: false
21:45:35.230 [Test worker] DEBUG com.github.dockerjava.zerodep.shaded.org.apache.hc.client5.http.headers - http-outgoing-0 << Ostype: linux
21:45:35.230 [Test worker] DEBUG com.github.dockerjava.zerodep.shaded.org.apache.hc.client5.http.headers - http-outgoing-0 << Server: Docker/24.0.2 (linux)
21:45:35.230 [Test worker] DEBUG com.github.dockerjava.zerodep.shaded.org.apache.hc.client5.http.headers - http-outgoing-0 << Transfer-Encoding: chunked
21:45:35.230 [Test worker] DEBUG com.github.dockerjava.zerodep.shaded.org.apache.hc.client5.http.impl.classic.MainClientExec - ex-00000002: connection can be kept alive for 3 MINUTES
21:45:35.230 [Test worker] DEBUG com.github.dockerjava.zerodep.shaded.org.apache.hc.client5.http.wire - http-outgoing-0 << "33f[\r][\n]"
21:45:35.231 [Test worker] DEBUG com.github.dockerjava.zerodep.shaded.org.apache.hc.client5.http.wire - http-outgoing-0 << "{"Platform":{"Name":"Docker Desktop 4.20.1 (110738)"},"Components":[{"Name":"Engine","Version":"24.0.2","Details":{"ApiVersion":"1.43","Arch":"amd64","BuildTime":"2023-05-25T21:52:17.000000000+00:00","Experimental":"false","GitCommit":"659604f","GoVersion":"go1.20.4","KernelVersion":"5.15.49-linuxkit-pr","MinAPIVersion":"1.12","Os":"linux"}},{"Name":"containerd","Version":"1.6.21","Details":{"GitCommit":"3dce8eb055cbb6872793272b4f20ed16117344f8"}},{"Name":"runc","Version":"1.1.7","Details":{"GitCommit":"v1.1.7-0-g860f061"}},{"Name":"docker-init","Version":"0.19.0","Details":{"GitCommit":"de40ad0"}}],"Version":"24.0.2","ApiVersion":"1.43","MinAPIVersion":"1.12","GitCommit":"659604f","GoVersion":"go1.20.4","Os":"linux","Arch":"amd64","KernelVersion":"5.15.49-linuxkit-pr","BuildTime":"2023-05-25T21:52:17.000000000+00:00"}[\n]"
21:45:35.231 [Test worker] DEBUG com.github.dockerjava.zerodep.shaded.org.apache.hc.client5.http.wire - http-outgoing-0 << "[\r][\n]"
21:45:35.231 [Test worker] DEBUG com.github.dockerjava.zerodep.shaded.org.apache.hc.client5.http.wire - http-outgoing-0 << "0[\r][\n]"
21:45:35.231 [Test worker] DEBUG com.github.dockerjava.zerodep.shaded.org.apache.hc.client5.http.wire - http-outgoing-0 << "[\r][\n]"
21:45:35.240 [Test worker] DEBUG com.github.dockerjava.zerodep.shaded.org.apache.hc.client5.http.impl.classic.InternalHttpClient - ep-00000001: releasing valid endpoint
21:45:35.240 [Test worker] DEBUG com.github.dockerjava.zerodep.shaded.org.apache.hc.client5.http.impl.io.PoolingHttpClientConnectionManager - ep-00000001: releasing endpoint
21:45:35.240 [Test worker] DEBUG com.github.dockerjava.zerodep.shaded.org.apache.hc.client5.http.impl.io.PoolingHttpClientConnectionManager - ep-00000001: connection http-outgoing-0 can be kept alive for 3 MINUTES
21:45:35.241 [Test worker] DEBUG com.github.dockerjava.zerodep.shaded.org.apache.hc.client5.http.impl.io.PoolingHttpClientConnectionManager - ep-00000001: connection released [route: {}->unix://localhost:2375][total available: 1; route allocated: 1 of 2147483647; total allocated: 1 of 2147483647]
21:45:35.241 [Test worker] DEBUG org.testcontainers.DockerClientFactory - Docker version: {Components=[{Name=Engine, Version=24.0.2, Details={ApiVersion=1.43, Arch=amd64, BuildTime=2023-05-25T21:52:17.000000000+00:00, Experimental=false, GitCommit=659604f, GoVersion=go1.20.4, KernelVersion=5.15.49-linuxkit-pr, MinAPIVersion=1.12, Os=linux}}, {Name=containerd, Version=1.6.21, Details={GitCommit=3dce8eb055cbb6872793272b4f20ed16117344f8}}, {Name=runc, Version=1.1.7, Details={GitCommit=v1.1.7-0-g860f061}}, {Name=docker-init, Version=0.19.0, Details={GitCommit=de40ad0}}], KernelVersion=5.15.49-linuxkit-pr, ApiVersion=1.43, Platform={Name=Docker Desktop 4.20.1 (110738)}, GitCommit=659604f, Os=linux, Version=24.0.2, MinAPIVersion=1.12, Arch=amd64, GoVersion=go1.20.4, BuildTime=2023-05-25T21:52:17.000000000+00:00}
21:45:35.241 [Test worker] INFO org.testcontainers.DockerClientFactory - Connected to docker: 
  Server Version: 24.0.2
  API Version: 1.43
  Operating System: Docker Desktop
  Total Memory: 7859 MB
21:45:35.250 [Test worker] DEBUG org.testcontainers.utility.RyukResourceReaper - Ryuk is enabled
21:45:35.253 [Test worker] DEBUG org.testcontainers.utility.PrefixingImageNameSubstitutor - No prefix is configured
21:45:35.253 [Test worker] DEBUG org.testcontainers.utility.ImageNameSubstitutor - Did not find a substitute image for testcontainers/ryuk:0.5.1 (using image substitutor: DefaultImageNameSubstitutor (composite of 'ConfigurationFileImageNameSubstitutor' and 'PrefixingImageNameSubstitutor'))
21:45:35.256 [Test worker] DEBUG org.testcontainers.shaded.com.github.dockerjava.core.command.AbstrDockerCmd - Cmd: ListImagesCmdImpl[filters=org.testcontainers.shaded.com.github.dockerjava.core.util.FiltersBuilder@0,imageNameFilter=<null>,showAll=false]
21:45:35.260 [Test worker] DEBUG com.github.dockerjava.zerodep.shaded.org.apache.hc.client5.http.impl.classic.InternalHttpClient - ex-00000003: preparing request execution
21:45:35.260 [Test worker] DEBUG com.github.dockerjava.zerodep.shaded.org.apache.hc.client5.http.protocol.RequestAddCookies - Cookie spec selected: strict
21:45:35.260 [Test worker] DEBUG com.github.dockerjava.zerodep.shaded.org.apache.hc.client5.http.protocol.RequestAuthCache - Auth cache not set in the context
21:45:35.261 [Test worker] DEBUG com.github.dockerjava.zerodep.shaded.org.apache.hc.client5.http.impl.classic.ProtocolExec - ex-00000003: target auth state: UNCHALLENGED
21:45:35.261 [Test worker] DEBUG com.github.dockerjava.zerodep.shaded.org.apache.hc.client5.http.impl.classic.ProtocolExec - ex-00000003: proxy auth state: UNCHALLENGED
21:45:35.261 [Test worker] DEBUG com.github.dockerjava.zerodep.shaded.org.apache.hc.client5.http.impl.classic.ConnectExec - ex-00000003: acquiring connection with route {}->unix://localhost:2375
21:45:35.261 [Test worker] DEBUG com.github.dockerjava.zerodep.shaded.org.apache.hc.client5.http.impl.classic.InternalHttpClient - ex-00000003: acquiring endpoint (3 MINUTES)
21:45:35.261 [Test worker] DEBUG com.github.dockerjava.zerodep.shaded.org.apache.hc.client5.http.impl.io.PoolingHttpClientConnectionManager - ex-00000003: endpoint lease request (3 MINUTES) [route: {}->unix://localhost:2375][total available: 1; route allocated: 1 of 2147483647; total allocated: 1 of 2147483647]
21:45:35.262 [Test worker] DEBUG com.github.dockerjava.zerodep.shaded.org.apache.hc.client5.http.impl.io.PoolingHttpClientConnectionManager - ex-00000003: endpoint leased [route: {}->unix://localhost:2375][total available: 0; route allocated: 1 of 2147483647; total allocated: 1 of 2147483647]
21:45:35.262 [Test worker] DEBUG com.github.dockerjava.zerodep.shaded.org.apache.hc.client5.http.impl.io.PoolingHttpClientConnectionManager - ex-00000003: acquired ep-00000002
21:45:35.262 [Test worker] DEBUG com.github.dockerjava.zerodep.shaded.org.apache.hc.client5.http.impl.classic.InternalHttpClient - ex-00000003: acquired endpoint ep-00000002
21:45:35.262 [Test worker] DEBUG com.github.dockerjava.zerodep.shaded.org.apache.hc.client5.http.impl.classic.MainClientExec - ex-00000003: executing GET /v1.32/images/json HTTP/1.1
21:45:35.262 [Test worker] DEBUG com.github.dockerjava.zerodep.shaded.org.apache.hc.client5.http.impl.classic.InternalHttpClient - ep-00000002: start execution ex-00000003
21:45:35.262 [Test worker] DEBUG com.github.dockerjava.zerodep.shaded.org.apache.hc.client5.http.impl.io.PoolingHttpClientConnectionManager - ep-00000002: executing exchange ex-00000003 over http-outgoing-0
21:45:35.262 [Test worker] DEBUG com.github.dockerjava.zerodep.shaded.org.apache.hc.client5.http.headers - http-outgoing-0 >> GET /v1.32/images/json HTTP/1.1
21:45:35.263 [Test worker] DEBUG com.github.dockerjava.zerodep.shaded.org.apache.hc.client5.http.headers - http-outgoing-0 >> accept: application/json
21:45:35.263 [Test worker] DEBUG com.github.dockerjava.zerodep.shaded.org.apache.hc.client5.http.headers - http-outgoing-0 >> x-tc-sid: 02f67430-f20c-4fdd-b619-db29e6c89474
21:45:35.263 [Test worker] DEBUG com.github.dockerjava.zerodep.shaded.org.apache.hc.client5.http.headers - http-outgoing-0 >> User-Agent: tc-java/1.19.3
21:45:35.263 [Test worker] DEBUG com.github.dockerjava.zerodep.shaded.org.apache.hc.client5.http.headers - http-outgoing-0 >> Accept-Encoding: gzip, x-gzip, deflate
21:45:35.263 [Test worker] DEBUG com.github.dockerjava.zerodep.shaded.org.apache.hc.client5.http.headers - http-outgoing-0 >> Host: localhost:2375
21:45:35.263 [Test worker] DEBUG com.github.dockerjava.zerodep.shaded.org.apache.hc.client5.http.headers - http-outgoing-0 >> Connection: keep-alive
21:45:35.263 [Test worker] DEBUG com.github.dockerjava.zerodep.shaded.org.apache.hc.client5.http.wire - http-outgoing-0 >> "GET /v1.32/images/json HTTP/1.1[\r][\n]"
21:45:35.263 [Test worker] DEBUG com.github.dockerjava.zerodep.shaded.org.apache.hc.client5.http.wire - http-outgoing-0 >> "accept: application/json[\r][\n]"
21:45:35.263 [Test worker] DEBUG com.github.dockerjava.zerodep.shaded.org.apache.hc.client5.http.wire - http-outgoing-0 >> "x-tc-sid: 02f67430-f20c-4fdd-b619-db29e6c89474[\r][\n]"
21:45:35.263 [Test worker] DEBUG com.github.dockerjava.zerodep.shaded.org.apache.hc.client5.http.wire - http-outgoing-0 >> "User-Agent: tc-java/1.19.3[\r][\n]"
21:45:35.263 [Test worker] DEBUG com.github.dockerjava.zerodep.shaded.org.apache.hc.client5.http.wire - http-outgoing-0 >> "Accept-Encoding: gzip, x-gzip, deflate[\r][\n]"
21:45:35.263 [Test worker] DEBUG com.github.dockerjava.zerodep.shaded.org.apache.hc.client5.http.wire - http-outgoing-0 >> "Host: localhost:2375[\r][\n]"
21:45:35.263 [Test worker] DEBUG com.github.dockerjava.zerodep.shaded.org.apache.hc.client5.http.wire - http-outgoing-0 >> "Connection: keep-alive[\r][\n]"
21:45:35.263 [Test worker] DEBUG com.github.dockerjava.zerodep.shaded.org.apache.hc.client5.http.wire - http-outgoing-0 >> "[\r][\n]"
21:45:35.296 [Test worker] DEBUG com.github.dockerjava.zerodep.shaded.org.apache.hc.client5.http.wire - http-outgoing-0 << "HTTP/1.1 200 OK[\r][\n]"
21:45:35.296 [Test worker] DEBUG com.github.dockerjava.zerodep.shaded.org.apache.hc.client5.http.wire - http-outgoing-0 << "Api-Version: 1.43[\r][\n]"
21:45:35.297 [Test worker] DEBUG com.github.dockerjava.zerodep.shaded.org.apache.hc.client5.http.wire - http-outgoing-0 << "Content-Type: application/json[\r][\n]"
21:45:35.297 [Test worker] DEBUG com.github.dockerjava.zerodep.shaded.org.apache.hc.client5.http.wire - http-outgoing-0 << "Date: Tue, 11 Jun 2024 00:45:35 GMT[\r][\n]"
21:45:35.297 [Test worker] DEBUG com.github.dockerjava.zerodep.shaded.org.apache.hc.client5.http.wire - http-outgoing-0 << "Docker-Experimental: false[\r][\n]"
21:45:35.297 [Test worker] DEBUG com.github.dockerjava.zerodep.shaded.org.apache.hc.client5.http.wire - http-outgoing-0 << "Ostype: linux[\r][\n]"
21:45:35.297 [Test worker] DEBUG com.github.dockerjava.zerodep.shaded.org.apache.hc.client5.http.wire - http-outgoing-0 << "Server: Docker/24.0.2 (linux)[\r][\n]"
21:45:35.297 [Test worker] DEBUG com.github.dockerjava.zerodep.shaded.org.apache.hc.client5.http.wire - http-outgoing-0 << "Transfer-Encoding: chunked[\r][\n]"
21:45:35.297 [Test worker] DEBUG com.github.dockerjava.zerodep.shaded.org.apache.hc.client5.http.wire - http-outgoing-0 << "[\r][\n]"
21:45:35.297 [Test worker] DEBUG com.github.dockerjava.zerodep.shaded.org.apache.hc.client5.http.headers - http-outgoing-0 << HTTP/1.1 200 OK
21:45:35.298 [Test worker] DEBUG com.github.dockerjava.zerodep.shaded.org.apache.hc.client5.http.headers - http-outgoing-0 << Api-Version: 1.43
21:45:35.298 [Test worker] DEBUG com.github.dockerjava.zerodep.shaded.org.apache.hc.client5.http.headers - http-outgoing-0 << Content-Type: application/json
21:45:35.298 [Test worker] DEBUG com.github.dockerjava.zerodep.shaded.org.apache.hc.client5.http.headers - http-outgoing-0 << Date: Tue, 11 Jun 2024 00:45:35 GMT
21:45:35.298 [Test worker] DEBUG com.github.dockerjava.zerodep.shaded.org.apache.hc.client5.http.headers - http-outgoing-0 << Docker-Experimental: false
21:45:35.298 [Test worker] DEBUG com.github.dockerjava.zerodep.shaded.org.apache.hc.client5.http.headers - http-outgoing-0 << Ostype: linux
21:45:35.298 [Test worker] DEBUG com.github.dockerjava.zerodep.shaded.org.apache.hc.client5.http.headers - http-outgoing-0 << Server: Docker/24.0.2 (linux)
21:45:35.298 [Test worker] DEBUG com.github.dockerjava.zerodep.shaded.org.apache.hc.client5.http.headers - http-outgoing-0 << Transfer-Encoding: chunked
21:45:35.298 [Test worker] DEBUG com.github.dockerjava.zerodep.shaded.org.apache.hc.client5.http.impl.classic.MainClientExec - ex-00000003: connection can be kept alive for 3 MINUTES
21:45:35.299 [Test worker] DEBUG com.github.dockerjava.zerodep.shaded.org.apache.hc.client5.http.wire - http-outgoing-0 << "8000[\r][\n]"
21:45:35.299 [Test worker] DEBUG com.github.dockerjava.zerodep.shaded.org.apache.hc.client5.http.wire - http-outgoing-0 << "[{"Containers":-1,"Created":1716950626,"Id":"sha256:bf4e5592fd5dfb695fc2de4656a0e05fd3663f627991521678fd6a850b293006","Labels":{"io.buildpacks.stack.description":"ubuntu:jammy with some common dependencies like tzdata and openssl","io.buildpacks.stack.distro.name":"ubuntu","io.buildpacks.stack.distro.version":"22.04","io.buildpacks.stack.homepage":"https://github.com/paketo-buildpacks/jammy-base-stack","io.buildpacks.stack.id":"io.buildpacks.stacks.jammy","io.buildpacks.stack.maintainer":"Paketo Buildpacks","io.buildpacks.stack.metadata":"{}","io.buildpacks.stack.released":"2024-05-29T02:44:17Z","org.opencontainers.image.ref.name":"ubuntu","org.opencontainers.image.version":"22.04"},"ParentId":"","RepoDigests":["paketobuildpacks/run-jammy-base@sha256:02984cf16a3c0ebbbad54b8a2bc6f170f390c10950e7b733e84ee456f1254448"],"RepoTags":["paketobuildpacks/run-jammy-base:latest"],"SharedSize":-1,"Size":103873567,"VirtualSize":103873567},{"Containers":-1,"Created":1716661229,"Id":"sha256:0bf863eb4fb492ee410ccadf9589cc7a62d32d51f0269a637bb2d2286b844887","Labels":{"org.opencontainers.image.ref.name":"ubuntu","org.opencontainers.image.version":"22.04"},"ParentId":"","RepoDigests":["<none>@<none>"],"RepoTags":["<none>:<none>"],"SharedSize":-1,"Size":443378024,"VirtualSize":443378024},{"Containers":-1,"Created":1716660386,"Id":"sha256:9e4daaf5b9c609d5f2111e351c1075fd9729e338f51e1a591c66f83d79bd0431","Labels":{"org.opencontainers.image.ref.name":"ubuntu","org.opencontainers.image.version":"22.04"},"ParentId":"","RepoDigests":["<none>@<none>"],"RepoTags":["<none>:<none>"],"SharedSize":-1,"Size":442918400,"VirtualSize":442918400},{"Containers":-1,"Created":1716660141,"Id":"sha256:0ca93a134a9904f8a536c189235b5421238de7d699b87b3faf0e383927732b77","Labels":{"org.opencontainers.image.ref.name":"ubuntu","org.opencontainers.image.version":"22.04"},"ParentId":"","RepoDigests":["<none>@<none>"],"RepoTags":["<none>:<none>"],"SharedSize":-1,"Size":442918662,"VirtualSize":442918662},{"Containers":-1,"Created":1716659742,"Id":"sha256:f235acbe6cb6aced5a4e15424132dc4edcec2df751eddc27c36e28ad46f50173","Labels":{"org.opencontainers.image.ref.name":"ubuntu","org.opencontainers.image.version":"22.04"},"ParentId":"","RepoDigests":["<none>@<none>"],"RepoTags":["<none>:<none>"],"SharedSize":-1,"Size":442918662,"VirtualSize":442918662},{"Containers":-1,"Created":1716653219,"Id":"sha256:5473b0bbf39ba6965ba0840cb9bd6fa67f285769ef90838d79efc4d58533e8dd","Labels":{"org.opencontainers.image.ref.name":"ubuntu","org.opencontainers.image.version":"22.04"},"ParentId":"","RepoDigests":["ghcr.io/danielkrokovsky/my-java-image@sha256:727ac6503263ea2d827fbfb9e4840b1dbe07e30fd6826cfd80794e6384d9bd48"],"RepoTags":["my-java-image:1.0.0","ghcr.io/danielkrokovsky/my-java-image:1.0.0"],"SharedSize":-1,"Size":614985850,"VirtualSize":614985850},{"Containers":-1,"Created":1716419879,"Id":"sha256:280bc8b91f63658f9aa953917019518dbc05e941a3666cba0e33bb77fd900375","Labels":null,"ParentId":"","RepoDigests":["redis@sha256:3c55c37863f8d04d8c71e965d917efeeb6b7d7799583cae93d835609694f0db1"],"RepoTags":["redis:7.0"],"SharedSize":-1,"Size":108757965,"VirtualSize":108757965},{"Containers":-1,"Created":1715696905,"Id":"sha256:6db52cd793d14a0b20faff217a15883b2b4f21d1b129ed362910150ae2b5b314","Labels":{"io.buildpacks.stack.description":"ubuntu:jammy with some common dependencies like tzdata and openssl","io.buildpacks.stack.distro.name":"ubuntu","io.buildpacks.stack.distro.version":"22.04","io.buildpacks.stack.homepage":"https://github.com/paketo-buildpacks/jammy-base-stack","io.buildpacks.stack.id":"io.buildpacks.stacks.jammy","io.buildpacks.stack.maintainer":"Paketo Buildpacks","io.buildpacks.stack.metadata":"{}","io.buildpacks.stack.released":"2024-05-14T14:29:02Z","org.opencontainers.image.ref.name":"ubuntu","org.opencontainers.image.version":"22.04"},"ParentId":"","RepoDigests":["paketobuildpacks/run-jammy-base@sha256:ea0789090e3dcc6d3670a0e67aef87e3277db613a190f1d49d5828d00e55909a"],"RepoTags":null,"SharedSize":-1,"Size":103873571,"VirtualSize":103873571},{"Containers":-1,"Created":1715212430,"Id":"sha256:5a6e59a9bdc0d32876fd51e3702c6cb16f38b145ed5528e5f0bfb1de21e70803","Labels":null,"ParentId":"","RepoDigests":["gcr.io/k8s-minikube/kicbase@sha256:eb04641328b06c5c4a14f4348470e1046bbcf9c2cbc551486e343d3a49db557e"],"RepoTags":["gcr.io/k8s-minikube/kicbase:v0.0.44"],"SharedSize":-1,"Size":1262272485,"VirtualSize":1262272485},{"Containers":-1,"Created":1704405160,"Id":"sha256:b57857b8f6ea2f9dadebf67dbba677329113d80c6c633ff256e394b5c8c8a9f7","Labels":null,"ParentId":"","RepoDigests":["postgres@sha256:34f4ee87fed96f254c4970e6a348c24b24b4f05ebb0880e29c8d15a5cde4e763"],"RepoTags":["postgres:14.10"],"SharedSize":-1,"Size":415851644,"VirtualSize":415851644},{"Containers":-1,"Created":1684336262,"Id":"sha256:ec913eeff75a6b5ed284cf17e186213a466ec10a8f471798318ffa0813b5d828","Labels":{"org.testcontainers.ryuk":"true"},"ParentId":"","RepoDigests":["testcontainers/ryuk@sha256:533abc56c07b52a26c955d1e7ae428d810582ab01c156384ae79960eb5fa0775"],"RepoTags":["testcontainers/ryuk:0.5.1"],"SharedSize":-1,"Size":12695732,"VirtualSize":12695732},{"Containers":-1,"Created":1684158920,"Id":"sha256:556098075b3dc5ef7a290f73cd5e7cda37b52c9d09febe23e103e6199067eb89","Labels":null,"ParentId":"","RepoDigests":null,"RepoTags":["docker/desktop-vpnkit-controller:dc331cb22850be0cdd97c84a9cfecaf44a1afb6e"],"SharedSize":-1,"Size":36226360,"VirtualSize":36226360},{"Containers":-1,"Created":1681937362,"Id":"sha256:23c4f114c8beb51f17ee2b9b72c0e93cb5605f3fb0ab208e48ae443ee2de2cfb","Labels":{"com.docker.image.source.entrypoint":"kubernetes/Dockerfile","org.opencontainers.image.revision":"36ff8b399f364b411e8ed3a6aeeefd9f3aa31462","org.opencontainers.image.source":"https://github.com/docker/pinata.git"},"ParentId":"","RepoDigests":["hubproxy.docker.internal:5555/docker/desktop-kubernetes@sha256:f1573ffb14599a41a50fc9bd6f15c0f4060ed6ade929e9f2c458e5e3cc36cf68"],"RepoTags":["hubproxy.docker.internal:5555/docker/desktop-kubernetes:kubernetes-v1.25.9-cni-v1.1.1-critools-v1.25.0-cri-dockerd-v0.2.6-1-debian"],"SharedSize":-1,"Size":402214060,"VirtualSize":402214060},{"Containers":-1,"Created":1681302652,"Id":"sha256:dc245db8c2faecaeac427ebcdf308ebe2c60e40728bf4f45f33d857ef3179969","Labels":{"description":"go based runner for distroless scenarios","maintainers":"Kubernetes Authors"},"ParentId":"","RepoDigests":null,"RepoTags":["registry.k8s.io/kube-apiserver:v1.25.9"],"SharedSize":-1,"Size":127891182,"VirtualSize":127891182},{"Containers":-1,"Created":1681302650,"Id":"sha256:28d55f91d3d8f7f6bd66168eed2cfd72b448be5e7807055c05a77499ce5c0674","Labels":null,"ParentId":"","RepoDigests":null,"RepoTags":["registry.k8s.io/kube-proxy:v1.25.9"],"SharedSize":-1,"Size":61716514,"VirtualSize":61716514},{"Containers":-1,"Created":1681302650,"Id":"sha256:3ea2571fcc83d8e2cb02bff3da18165a38799e59c78cbe845cd807631f0c5cc3","Labels":{"description":"go based runner for distroless scenarios","maintainers":"Kubernetes Authors"},"ParentId":"","RepoDigests":null,"RepoTags":["registry.k8s.io/kube-controller-manager:v1.25.9"],"SharedSize":-1,"Size":117234037,"VirtualSize":117234037},{"Containers":-1,"Created":1681302649,"Id":"sha256:165df46c1bb9b79c9b441ac039ac408ed6788164404dad56f966c810dc61f05a","Labels":{"description":"go based runner for distroless scenarios","maintainers":"Kubernetes Authors"},"ParentId":"","RepoDigests":null,"RepoTags":["registry.k8s.io/kube-scheduler:v1.25.9"],"SharedSize":-1,"Size":50714644,"VirtualSize":50714644},{"Containers":-1,"Created":1669219881,"Id":"sha256:fce326961ae2d51a5f726883fd59d2a8c2ccc3e45d3bb859882db58e422e59e7","Labels":null,"ParentId":"","RepoDigests":null,"RepoTags":["registry.k8s.io/etcd:3.5.6-0"],"SharedSize":-1,"Size":299475478,"VirtualSize":299475478},{"Containers":-1,"Created":1659431892,"Id":"sha256:e09e90144645e02137d087f0dc059f4d2e3c6356ef8f9e40eeb15d1c901dbc73","Labels":null,"ParentId":"","RepoDigests":["postgres@sha256:9ceb24f8c5f15c053d973a3610866f473690875dc13eb3282b45302189321040"],"RepoTags":["postgres:14.4"],"SharedSize":-1,"Size":376111959,"VirtualSize":376111959},{"Containers":-1,"Created":1655329549,"Id":"sha256:487387"
21:45:35.311 [Test worker] DEBUG com.github.dockerjava.zerodep.shaded.org.apache.hc.client5.http.wire - http-outgoing-0 << "4c08efc72e9729683a83ffbb7502ee729e9a5ac097723806ea7fa13517","Labels":null,"ParentId":"","RepoDigests":null,"RepoTags":["registry.k8s.io/pause:3.8"],"SharedSize":-1,"Size":711184,"VirtualSize":711184},{"Containers":-1,"Created":1653672698,"Id":"sha256:5185b96f0becf59032b8e3646e99f84d9655dff3ac9e2605e0dc77f9c441ae4a","Labels":null,"ParentId":"","RepoDigests":null,"RepoTags":["registry.k8s.io/coredns/coredns:v1.9.3"],"SharedSize":-1,"Size":48803555,"VirtualSize":48803555},{"Containers":-1,"Created":1619456701,"Id":"sha256:99f89471f4708f1173e688f7f77bf6b995b10355a46cc388b273b0130add7aad","Labels":null,"ParentId":"","RepoDigests":null,"RepoTags":["docker/desktop-storage-provisioner:v2.0"],"SharedSize":-1,"Size":41850220,"VirtualSize":41850220},{"Containers":-1,"Created":315532801,"Id":"sha256:2bc1e5943e402a365447b44dc97f4a733635dd4f0da9d1c4921d5c0a571bf9af","Labels":{"io.buildpacks.builder.metadata":"{\"description\":\"Ubuntu 22.04 Jammy Jellyfish base image with buildpacks for Java, Go, .NET Core, Node.js, Python, Apache HTTPD, NGINX and Procfile\",\"buildpacks\":[{\"id\":\"paketo-buildpacks/dotnet-core\",\"name\":\"Paketo Buildpack for .NET Core\",\"version\":\"0.45.0\",\"homepage\":\"https://github.com/paketo-buildpacks/dotnet-core\"},{\"id\":\"paketo-buildpacks/ca-certificates\",\"name\":\"Paketo Buildpack for CA Certificates\",\"version\":\"3.7.0\",\"homepage\":\"https://github.com/paketo-buildpacks/ca-certificates\"},{\"id\":\"paketo-buildpacks/dotnet-core-aspnet-runtime\",\"name\":\"Paketo Buildpack for ASP.NET Core Runtime\",\"version\":\"0.4.7\",\"homepage\":\"https://github.com/paketo-buildpacks/dotnet-core-aspnet-runtime\"},{\"id\":\"paketo-buildpacks/dotnet-core-sdk\",\"name\":\"Paketo Buildpack for .NET Core SDK\",\"version\":\"0.14.8\",\"homepage\":\"https://github.com/paketo-buildpacks/dotnet-core-sdk\"},{\"id\":\"paketo-buildpacks/dotnet-execute\",\"name\":\"Paketo Buildpack for .NET Execute\",\"version\":\"0.14.31\",\"homepage\":\"https://github.com/paketo-buildpacks/dotnet-execute\"},{\"id\":\"paketo-buildpacks/dotnet-publish\",\"name\":\"Paketo Buildpack for .NET Publish\",\"version\":\"0.12.30\",\"homepage\":\"https://github.com/paketo-buildpacks/dotnet-publish\"},{\"id\":\"paketo-buildpacks/environment-variables\",\"name\":\"Paketo Buildpack for Environment Variables\",\"version\":\"4.6.0\",\"homepage\":\"https://github.com/paketo-buildpacks/environment-variables\"},{\"id\":\"paketo-buildpacks/icu\",\"name\":\"Paketo Buildpack for ICU\",\"version\":\"0.7.9\",\"homepage\":\"https://github.com/paketo-buildpacks/icu\"},{\"id\":\"paketo-buildpacks/image-labels\",\"name\":\"Paketo Buildpack for Image Labels\",\"version\":\"4.6.0\",\"homepage\":\"https://github.com/paketo-buildpacks/image-labels\"},{\"id\":\"paketo-buildpacks/node-engine\",\"name\":\"Paketo Buildpack for Node Engine\",\"version\":\"3.2.2\",\"homepage\":\"https://github.com/paketo-buildpacks/node-engine\"},{\"id\":\"paketo-buildpacks/procfile\",\"name\":\"Paketo Buildpack for Procfile\",\"version\":\"5.7.0\",\"homepage\":\"https://github.com/paketo-buildpacks/procfile\"},{\"id\":\"paketo-buildpacks/vsdbg\",\"name\":\"Paketo Buildpack for Visual Studio Debugger\",\"version\":\"0.3.11\"},{\"id\":\"paketo-buildpacks/watchexec\",\"name\":\"Paketo Buildpack for Watchexec\",\"version\":\"2.10.0\",\"homepage\":\"https://github.com/paketo-buildpacks/watchexec\"},{\"id\":\"paketo-buildpacks/go\",\"name\":\"Paketo Buildpack for Go\",\"version\":\"4.8.0\",\"homepage\":\"https://github.com/paketo-buildpacks/go\"},{\"id\":\"paketo-buildpacks/ca-certificates\",\"name\":\"Paketo Buildpack for CA Certificates\",\"version\":\"3.6.8\",\"homepage\":\"https://github.com/paketo-buildpacks/ca-certificates\"},{\"id\":\"paketo-buildpacks/environment-variables\",\"name\":\"Paketo Buildpack for Environment Variables\",\"version\":\"4.5.7\",\"homepage\":\"https://github.com/paketo-buildpacks/environment-variables\"},{\"id\":\"paketo-buildpacks/git\",\"name\":\"Paketo Buildpack for Git\",\"version\":\"1.0.8\",\"homepage\":\"https://github.com/paketo-buildpacks/git\"},{\"id\":\"paketo-buildpacks/go-build\",\"name\":\"Paketo Buildpack for Go Build\",\"version\":\"2.2.1\",\"homepage\":\"https://github.com/paketo-buildpacks/go-build\"},{\"id\":\"paketo-buildpacks/go-dist\",\"name\":\"Paketo Buildpack for Go Distribution\",\"version\":\"2.5.0\",\"homepage\":\"https://github.com/paketo-buildpacks/go-dist\"},{\"id\":\"paketo-buildpacks/go-mod-vendor\",\"name\":\"Paketo Buildpack for Go Mod Vendor\",\"version\":\"1.0.29\",\"homepage\":\"https://github.com/paketo-buildpacks/go-mod-vendor\"},{\"id\":\"paketo-buildpacks/image-labels\",\"name\":\"Paketo Buildpack for Image Labels\",\"version\":\"4.5.6\",\"homepage\":\"https://github.com/paketo-buildpacks/image-labels\"},{\"id\":\"paketo-buildpacks/procfile\",\"name\":\"Paketo Buildpack for Procfile\",\"version\":\"5.6.9\",\"homepage\":\"https://github.com/paketo-buildpacks/procfile\"},{\"id\":\"paketo-buildpacks/watchexec\",\"name\":\"Paketo Buildpack for Watchexec\",\"version\":\"2.9.0\",\"homepage\":\"https://github.com/paketo-buildpacks/watchexec\"},{\"id\":\"paketo-buildpacks/java-native-image\",\"name\":\"Paketo Buildpack for Java Native Image\",\"version\":\"9.5.0\",\"homepage\":\"https://paketo.io/docs/howto/java/#build-an-app-as-a-graalvm-native-image-application\"},{\"id\":\"paketo-buildpacks/bellsoft-liberica\",\"name\":\"Paketo Buildpack for BellSoft Liberica\",\"version\":\"10.8.0\",\"homepage\":\"https://github.com/paketo-buildpacks/bellsoft-liberica\"},{\"id\":\"paketo-buildpacks/ca-certificates\",\"name\":\"Paketo Buildpack for CA Certificates\",\"version\":\"3.8.0\",\"homepage\":\"https://github.com/paketo-buildpacks/ca-certificates\"},{\"id\":\"paketo-buildpacks/datadog\",\"name\":\"Paketo Buildpack for Datadog\",\"version\":\"5.13.0\",\"homepage\":\"https://github.com/paketo-buildpacks/datadog\"},{\"id\":\"paketo-buildpacks/environment-variables\",\"name\":\"Paketo Buildpack for Environment Variables\",\"version\":\"4.7.0\",\"homepage\":\"https://github.com/paketo-buildpacks/environment-variables\"},{\"id\":\"paketo-buildpacks/executable-jar\",\"name\":\"Paketo Buildpack for Executable JAR\",\"version\":\"6.10.0\",\"homepage\":\"https://github.com/paketo-buildpacks/executable-jar\"},{\"id\":\"paketo-buildpacks/gradle\",\"name\":\"Paketo Buildpack for Gradle\",\"version\":\"7.11.0\",\"homepage\":\"https://github.com/paketo-buildpacks/gradle\"},{\"id\":\"paketo-buildpacks/image-labels\",\"name\":\"Paketo Buildpack for Image Labels\",\"version\":\"4.7.0\",\"homepage\":\"https://github.com/paketo-buildpacks/image-labels\"},{\"id\":\"paketo-buildpacks/leiningen\",\"name\":\"Paketo Buildpack for Leiningen\",\"version\":\"4.9.0\",\"homepage\":\"https://github.com/paketo-buildpacks/leiningen\"},{\"id\":\"paketo-buildpacks/maven\",\"name\":\"Paketo Buildpack for Maven\",\"version\":\"6.17.0\",\"homepage\":\"https://github.com/paketo-buildpacks/maven\"},{\"id\":\"paketo-buildpacks/native-image\",\"name\":\"Paketo Buildpack for Native Image\",\"version\":\"5.14.0\",\"homepage\":\"https://github.com/paketo-buildpacks/native-image\"},{\"id\":\"paketo-buildpacks/procfile\",\"name\":\"Paketo Buildpack for Procfile\",\"version\":\"5.9.0\",\"homepage\":\"https://github.com/paketo-buildpacks/procfile\"},{\"id\":\"paketo-buildpacks/sbt\",\"name\":\"Paketo Buildpack for SBT\",\"version\":\"6.15.0\",\"homepage\":\"https://github.com/paketo-buildpacks/sbt\"},{\"id\":\"paketo-buildpacks/spring-boot\",\"name\":\"Paketo Buildpack for Spring Boot\",\"version\":\"5.30.0\",\"homepage\":\"https://github.com/paketo-buildpacks/spring-boot\"},{\"id\":\"paketo-buildpacks/syft\",\"name\":\"Paketo Buildpack for Syft\",\"version\":\"1.47.0\",\"homepage\":\"https://github.com/paketo-buildpacks/syft\"},{\"id\":\"paketo-buildpacks/upx\",\"name\":\"Paketo Buildpack for UPX\",\"version\":\"3.6.0\",\"homepage\":\"https://github.com/paketo-buildpacks/upx\"},{\"id\":\"paketo-buildpacks/j"
21:45:35.313 [Test worker] DEBUG com.github.dockerjava.zerodep.shaded.org.apache.hc.client5.http.wire - http-outgoing-0 << "ava\",\"name\":\"Paketo Buildpack for Java\",\"version\":\"14.1.0\",\"homepage\":\"https://paketo.io/docs/howto/java\"},{\"id\":\"paketo-buildpacks/apache-tomcat\",\"name\":\"Paketo Buildpack for Apache Tomcat\",\"version\":\"8.1.0\",\"homepage\":\"https://github.com/paketo-buildpacks/apache-tomcat\"},{\"id\":\"paketo-buildpacks/apache-tomee\",\"name\":\"Paketo Buildpack for Apache Tomee\",\"version\":\"1.10.0\",\"homepage\":\"https://github.com/paketo-buildpacks/apache-tomee\"},{\"id\":\"paketo-buildpacks/azure-application-insights\",\"name\":\"Paketo Buildpack for Azure Application Insights\",\"version\":\"5.21.0\",\"homepage\":\"https://github.com/paketo-buildpacks/azure-application-insights\"},{\"id\":\"paketo-buildpacks/bellsoft-liberica\",\"name\":\"Paketo Buildpack for BellSoft Liberica\",\"version\":\"10.8.0\",\"homepage\":\"https://github.com/paketo-buildpacks/bellsoft-liberica\"},{\"id\":\"paketo-buildpacks/ca-certificates\",\"name\":\"Paketo Buildpack for CA Certificates\",\"version\":\"3.8.0\",\"homepage\":\"https://github.com/paketo-buildpacks/ca-certificates\"},{\"id\":\"paketo-buildpacks/clojure-tools\",\"name\":\"Paketo Buildpack for Clojure Tools\",\"version\":\"2.10.0\",\"homepage\":\"https://github.com/paketo-buildpacks/clojure-tools\"},{\"id\":\"paketo-buildpacks/datadog\",\"name\":\"Paketo Buildpack for Datadog\",\"version\":\"5.13.0\",\"homepage\":\"https://github.com/paketo-buildpacks/datadog\"},{\"id\":\"paketo-buildpacks/dist-zip\",\"name\":\"Paketo Buildpack for DistZip\",\"version\":\"5.8.0\",\"homepage\":\"https://github.com/paketo-buildpacks/dist-zip\"},{\"id\":\"paketo-buildpacks/encrypt-at-rest\",\"name\":\"Paketo Buildpack for Encrypt-at-Rest\",\"version\":\"4.7.0\",\"homepage\":\"https://github.com/paketo-buildpacks/encrypt-at-rest\"},{\"id\":\"paketo-buildpacks/environment-variables\",\"name\":\"Paketo Buildpack for Environment Variables\",\"version\":\"4.7.0\",\"homepage\":\"https://github.com/paketo-buildpacks/environment-variables\"},{\"id\":\"paketo-buildpacks/executable-jar\",\"name\":\"Paketo Buildpack for Executable JAR\",\"version\":\"6.10.0\",\"homepage\":\"https://github.com/paketo-buildpacks/executable-jar\"},{\"id\":\"paketo-buildpacks/google-stackdriver\",\"name\":\"Paketo Buildpack for Google Stackdriver\",\"version\":\"9.0.2\",\"homepage\":\"https://github.com/paketo-buildpacks/google-stackdriver\"},{\"id\":\"paketo-buildpacks/gradle\",\"name\":\"Paketo Buildpack for Gradle\",\"version\":\"7.11.0\",\"homepage\":\"https://github.com/paketo-buildpacks/gradle\"},{\"id\":\"paketo-buildpacks/image-labels\",\"name\":\"Paketo Buildpack for Image Labels\",\"version\":\"4.7.0\",\"homepage\":\"https://github.com/paketo-buildpacks/image-labels\"},{\"id\":\"paketo-buildpacks/jattach\",\"name\":\"Paketo Buildpack for JAttach\",\"version\":\"1.8.0\",\"homepage\":\"https://github.com/paketo-buildpacks/jattach\"},{\"id\":\"paketo-buildpacks/java-memory-assistant\",\"name\":\"Paketo Buildpack for Java Memory Assistant\",\"version\":\"1.6.0\",\"homepage\":\"https://github.com/paketo-buildpacks/java-memory-assistant\"},{\"id\":\"paketo-buildpacks/leiningen\",\"name\":\"Paketo Buildpack for Leiningen\",\"version\":\"4.9.0\",\"homepage\":\"https://github.com/paketo-buildpacks/leiningen\"},{\"id\":\"paketo-buildpacks/liberty\",\"name\":\"Paketo Buildpack for Liberty\",\"version\":\"4.2.0\",\"homepage\":\"https://github.com/paketo-buildpacks/liberty\"},{\"id\":\"paketo-buildpacks/maven\",\"name\":\"Paketo Buildpack for Maven\",\"version\":\"6.17.0\",\"homepage\":\"https://github.com/paketo-buildpacks/maven\"},{\"id\":\"paketo-buildpacks/node-engine\",\"name\":\"Paketo Buildpack for Node Engine\",\"version\":\"3.2.2\",\"homepage\":\"https://github.com/paketo-buildpacks/node-engine\"},{\"id\":\"paketo-buildpacks/procfile\",\"name\":\"Paketo Buildpack for Procfile\",\"version\":\"5.9.0\",\"homepage\":\"https://github.com/paketo-buildpacks/procfile\"},{\"id\":\"paketo-buildpacks/sbt\",\"name\":\"Paketo Buildpack for SBT\",\"version\":\"6.15.0\",\"homepage\":\"https://github.com/paketo-buildpacks/sbt\"},{\"id\":\"paketo-buildpacks/spring-boot\",\"name\":\"Paketo Buildpack for Spring Boot\",\"version\":\"5.30.0\",\"homepage\":\"https://github.com/paketo-buildpacks/spring-boot\"},{\"id\":\"paketo-buildpacks/syft\",\"name\":\"Paketo Buildpack for Syft\",\"version\":\"1.47.0\",\"homepage\":\"https://github.com/paketo-buildpacks/syft\"},{\"id\":\"paketo-buildpacks/watchexec\",\"name\":\"Paketo Buildpack for Watchexec\",\"version\":\"3.2.0\",\"homepage\":\"https://github.com/paketo-buildpacks/watchexec\"},{\"id\":\"paketo-buildpacks/yarn\",\"name\":\"Paketo Buildpack for Yarn\",\"version\":\"1.3.2\",\"homepage\":\"https://github.com/paketo-buildpacks/yarn\"},{\"id\":\"paketo-buildpacks/nodejs\",\"name\":\"Paketo Buildpack for Node.js\",\"version\":\"2.2.0\",\"homepage\":\"https://github.com/paketo-buildpacks/nodejs\"},{\"id\":\"paketo-buildpacks/ca-certificates\",\"name\":\"Paketo Buildpack for CA Certificates\",\"version\":\"3.6.7\",\"homepage\":\"https://github.com/paketo-buildpacks/ca-certificates\"},{\"id\":\"paketo-buildpacks/datadog\",\"name\":\"Paketo Buildpack for Datadog\",\"version\":\"3.6.0\",\"homepage\":\"https://github.com/paketo-buildpacks/datadog\"},{\"id\":\"paketo-buildpacks/environment-variables\",\"name\":\"Paketo Buildpack for Environment Variables\",\"version\":\"4.5.6\",\"homepage\":\"https://github.com/paketo-buildpacks/environment-variables\"},{\"id\":\"paketo-buildpacks/image-labels\",\"name\":\"Paketo Buildpack for Image Labels\",\"version\":\"4.5.5\",\"homepage\":\"https://github.com/paketo-buildpacks/image-labels\"},{\"id\":\"paketo-buildpacks/node-engine\",\"name\":\"Paketo Buildpack for Node Engine\",\"version\":\"3.2.1\",\"homepage\":\"https://github.com/paketo-buildpacks/node-engine\"},{\"id\":\"paketo-buildpacks/node-run-script\",\"name\":\"Paketo Buildpack for Node Run Script\",\"version\":\"1.0.16\",\"homepage\":\"https://github.com/paketo-buildpacks/node-run-script\"},{\"id\":\"paketo-buildpacks/node-start\",\"name\":\"Paketo Buildpack for Node Start\",\"version\":\"1.1.5\",\"homepage\":\"https://github.com/paketo-buildpacks/node-start\"},{\"id\":\"paketo-buildpacks/npm-install\",\"name\":\"Paketo Buildpack for NPM Install\",\"version\":\"1.4.0\",\"homepage\":\"https://github.com/paketo-buildpacks/npm-install\"},{\"id\":\"paketo-buildpacks/npm-start\",\"name\":\"Paketo Buildpack for NPM Start\",\"version\":\"1.0.17\",\"homepage\":\"https://github.com/paketo-buildpacks/npm-start\"},{\"id\":\"paketo-buildpacks/procfile\",\"name\":\"Paketo Buildpack for Procfile\",\"version\":\"5.6.8\",\"homepage\":\"https://github.com/paketo-buildpacks/procfile\"},{\"id\":\"paketo-buildpacks/watchexec\",\"name\":\"Paketo Buildpack for Watchexec\",\"version\":\"2.8.7\",\"homepage\":\"https://github.com/paketo-buildpacks/watchexec\"},{\"id\":\"paketo-buildpacks/yarn\",\"name\":\"Paketo Buildpack for Yarn\",\"version\":\"1.3.2\",\"homepage\":\"https://github.com/paketo-buildpacks/yarn\"},{\"id\":\"paketo-buildpacks/yarn-install\",\"name\":\"Paketo Buildpack for Yarn Install\",\"version\":\"1.3.2\",\"homepage\":\"https://github.com/paketo-buildpacks/yarn-install\"},{\"id\":\"paketo-buildpacks/yarn-start\",\"name\":\"Paketo Buildpack for Yarn Start\",\"version\":\"1.2.2\",\"homepage\":\"https://github.com/paketo-buildpacks/yarn-start\"},{\"id\":\"paketo-buildpacks/procfile\",\"name\":\"Paketo Buildpack for Procfile\",\"version\":\"5.9.0\",\"homepage\":\"https://github.com/paketo-buildpacks/procfile\"},{\"id\":\"paketo-buildpacks/python\",\"name\":\"Paketo Buildpack for Python\",\"version\":\"2.19.0\"},{\"id\":\"paketo-buildpacks/ca-certificates\",\"name\":\"Paketo Buildpack for CA Certificates\",\"version\":\"3.7.0\",\"homepage\":\"https://github.com/paketo-buildpacks/ca-certificates\"},{\"id\":\"paketo-buildpacks/conda-env-update\",\"name\":\"Paketo Buildpack for Conda Env Update\",\"version\":\"0.7.13\",\"homepage\":\""
21:45:35.315 [Test worker] DEBUG com.github.dockerjava.zerodep.shaded.org.apache.hc.client5.http.wire - http-outgoing-0 << "https://github.com/paketo-buildpacks/conda-env-update\"},{\"id\":\"paketo-buildpacks/cpython\",\"name\":\"Paketo Buildpack for CPython\",\"version\":\"1.13.0\"},{\"id\":\"paketo-buildpacks/environment-variables\",\"name\":\"Paketo Buildpack for Environment Variables\",\"version\":\"4.6.0\",\"homepage\":\"https://github.com/paketo-buildpacks/environment-variables\"},{\"id\":\"paketo-buildpacks/image-labels\",\"name\":\"Paketo Buildpack for Image Labels\",\"version\":\"4.6.0\",\"homepage\":\"https://github.com/paketo-buildpacks/image-labels\"},{\"id\":\"paketo-buildpacks/miniconda\",\"name\":\"Paketo Buildpack for Miniconda\",\"version\":\"0.10.0\"},{\"id\":\"paketo-buildpacks/pip\",\"name\":\"Paketo Buildpack for Pip\",\"version\":\"0.20.1\"},{\"id\":\"paketo-buildpacks/pip-install\",\"name\":\"Paketo Buildpack for Pip Install\",\"version\":\"0.6.1\"},{\"id\":\"paketo-buildpacks/pipenv\",\"name\":\"Paketo Buildpack for Pipenv\",\"version\":\"1.21.0\"},{\"id\":\"paketo-buildpacks/pipenv-install\",\"name\":\"Paketo Buildpack for Pipenv Install\",\"version\":\"0.6.19\"},{\"id\":\"paketo-buildpacks/poetry\",\"name\":\"Paketo Buildpack for Poetry\",\"version\":\"0.9.0\"},{\"id\":\"paketo-buildpacks/poetry-install\",\"name\":\"Paketo Buildpack for Poetry Install\",\"version\":\"0.3.19\"},{\"id\":\"paketo-buildpacks/poetry-run\",\"name\":\"Paketo Buildpack for Poetry Run\",\"version\":\"0.4.22\"},{\"id\":\"paketo-buildpacks/procfile\",\"name\":\"Paketo Buildpack for Procfile\",\"version\":\"5.8.0\",\"homepage\":\"https://github.com/paketo-buildpacks/procfile\"},{\"id\":\"paketo-buildpacks/python-start\",\"name\":\"Paketo Buildpack for Python Start\",\"version\":\"0.14.15\",\"homepage\":\"https://github.com/paketo-buildpacks/python-start\"},{\"id\":\"paketo-buildpacks/watchexec\",\"name\":\"Paketo Buildpack for Watchexec\",\"version\":\"3.1.2\",\"homepage\":\"https://github.com/paketo-buildpacks/watchexec\"},{\"id\":\"paketo-buildpacks/ruby\",\"name\":\"Paketo Buildpack for Ruby\",\"version\":\"0.45.0\",\"homepage\":\"https://github.com/paketo-buildpacks/ruby\"},{\"id\":\"paketo-buildpacks/bundle-install\",\"name\":\"Paketo Buildpack for Bundle Install\",\"version\":\"0.8.5\",\"homepage\":\"https://github.com/paketo-buildpacks/bundle-install\"},{\"id\":\"paketo-buildpacks/bundler\",\"name\":\"Paketo Buildpack for Bundler\",\"version\":\"0.8.7\",\"homepage\":\"https://github.com/paketo-buildpacks/bundler\"},{\"id\":\"paketo-buildpacks/ca-certificates\",\"name\":\"Paketo Buildpack for CA Certificates\",\"version\":\"3.7.0\",\"homepage\":\"https://github.com/paketo-buildpacks/ca-certificates\"},{\"id\":\"paketo-buildpacks/environment-variables\",\"name\":\"Paketo Buildpack for Environment Variables\",\"version\":\"4.6.0\",\"homepage\":\"https://github.com/paketo-buildpacks/environment-variables\"},{\"id\":\"paketo-buildpacks/image-labels\",\"name\":\"Paketo Buildpack for Image Labels\",\"version\":\"4.6.0\",\"homepage\":\"https://github.com/paketo-buildpacks/image-labels\"},{\"id\":\"paketo-buildpacks/mri\",\"name\":\"Paketo Buildpack for MRI\",\"version\":\"0.16.2\",\"homepage\":\"https://github.com/paketo-buildpacks/mri\"},{\"id\":\"paketo-buildpacks/node-engine\",\"name\":\"Paketo Buildpack for Node Engine\",\"version\":\"3.2.2\",\"homepage\":\"https://github.com/paketo-buildpacks/node-engine\"},{\"id\":\"paketo-buildpacks/passenger\",\"name\":\"Paketo Buildpack for Passenger\",\"version\":\"0.14.2\",\"homepage\":\"https://github.com/paketo-buildpacks/passenger\"},{\"id\":\"paketo-buildpacks/procfile\",\"name\":\"Paketo Buildpack for Procfile\",\"version\":\"5.7.0\",\"homepage\":\"https://github.com/paketo-buildpacks/procfile\"},{\"id\":\"paketo-buildpacks/puma\",\"name\":\"Paketo Buildpack for Puma\",\"version\":\"0.4.40\",\"homepage\":\"https://github.com/paketo-buildpacks/puma\"},{\"id\":\"paketo-buildpacks/rackup\",\"name\":\"Paketo Buildpack for Rackup\",\"version\":\"0.4.39\",\"homepage\":\"https://github.com/paketo-buildpacks/rackup\"},{\"id\":\"paketo-buildpacks/rails-assets\",\"name\":\"Paketo Buildpack for Rails Assets\",\"version\":\"0.10.9\",\"homepage\":\"https://github.com/paketo-buildpacks/rails-assets\"},{\"id\":\"paketo-buildpacks/rake\",\"name\":\"Paketo Buildpack for Rake\",\"version\":\"0.4.39\",\"homepage\":\"https://github.com/paketo-buildpacks/rake\"},{\"id\":\"paketo-buildpacks/thin\",\"name\":\"Paketo Buildpack for Thin\",\"version\":\"0.5.37\",\"homepage\":\"https://github.com/paketo-buildpacks/thin\"},{\"id\":\"paketo-buildpacks/unicorn\",\"name\":\"Paketo Buildpack for Unicorn\",\"version\":\"0.4.39\",\"homepage\":\"https://github.com/paketo-buildpacks/unicorn\"},{\"id\":\"paketo-buildpacks/yarn\",\"name\":\"Paketo Buildpack for Yarn\",\"version\":\"1.3.2\",\"homepage\":\"https://github.com/paketo-buildpacks/yarn\"},{\"id\":\"paketo-buildpacks/yarn-install\",\"name\":\"Paketo Buildpack for Yarn Install\",\"version\":\"1.3.2\",\"homepage\":\"https://github.com/paketo-buildpacks/yarn-install\"},{\"id\":\"paketo-buildpacks/web-servers\",\"name\":\"Paketo Buildpack for Web Servers\",\"version\":\"0.22.0\",\"homepage\":\"https://github.com/paketo-buildpacks/web-servers\"},{\"id\":\"paketo-buildpacks/ca-certificates\",\"name\":\"Paketo Buildpack for CA Certificates\",\"version\":\"3.7.0\",\"homepage\":\"https://github.com/paketo-buildpacks/ca-certificates\"},{\"id\":\"paketo-buildpacks/environment-variables\",\"name\":\"Paketo Buildpack for Environment Variables\",\"version\":\"4.6.0\",\"homepage\":\"https://github.com/paketo-buildpacks/environment-variables\"},{\"id\":\"paketo-buildpacks/httpd\",\"name\":\"Paketo Buildpack for Apache HTTP Server\",\"version\":\"0.7.19\",\"homepage\":\"https://github.com/paketo-buildpacks/httpd\"},{\"id\":\"paketo-buildpacks/image-labels\",\"name\":\"Paketo Buildpack for Image Labels\",\"version\":\"4.6.0\",\"homepage\":\"https://github.com/paketo-buildpacks/image-labels\"},{\"id\":\"paketo-buildpacks/nginx\",\"name\":\"Paketo Buildpack for Nginx Server\",\"version\":\"0.16.0\",\"homepage\":\"https://github.com/paketo-buildpacks/nginx\"},{\"id\":\"paketo-buildpacks/node-engine\",\"name\":\"Paketo Buildpack for Node Engine\",\"version\":\"3.2.2\",\"homepage\":\"https://github.com/paketo-buildpacks/node-engine\"},{\"id\":\"paketo-buildpacks/node-run-script\",\"name\":\"Paketo Buildpack for Node Run Script\",\"version\":\"1.0.16\",\"homepage\":\"https://github.com/paketo-buildpacks/node-run-script\"},{\"id\":\"paketo-buildpacks/npm-install\",\"name\":\"Paketo Buildpack for NPM Install\",\"version\":\"1.4.0\",\"homepage\":\"https://github.com/paketo-buildpacks/npm-install\"},{\"id\":\"paketo-buildpacks/procfile\",\"name\":\"Paketo Buildpack for Procfile\",\"version\":\"5.8.0\",\"homepage\":\"https://github.com/paketo-buildpacks/procfile\"},{\"id\":\"paketo-buildpacks/source-removal\",\"name\":\"Paketo Buildpack for Source Removal\",\"version\":\"0.2.1\"},{\"id\":\"paketo-buildpacks/watchexec\",\"name\":\"Paketo Buildpack for Watchexec\",\"version\":\"3.1.2\",\"homepage\":\"https://github.com/paketo-buildpacks/watchexec\"},{\"id\":\"paketo-buildpacks/yarn\",\"name\":\"Paketo Buildpack for Yarn\",\"version\":\"1.3.2\",\"homepage\":\"https://github.com/paketo-buildpacks/yarn\"},{\"id\":\"paketo-buildpacks/yarn-install\",\"name\":\"Paketo Buildpack for Yarn Install\",\"version\":\"1.3.2\",\"homepage\":\"https://github.com/paketo-buildpacks/yarn-install\"}],\"extensions\":null,\"stack\":{\"runImage\":{\"image\":\"index.docker.io/paketobuildpacks/run-jammy-base:latest\",\"mirrors\":[]}},\"lifecycle\":{\"version\":\"0.19.6\",\"api\":{\"buildpack\":\"0.7\",\"platform\":\"0.7\"},\"apis\":{\"buildpack\":{\"deprecated\":[],\"supported\":[\"0.7\",\"0.8\",\"0.9\",\"0.10\",\"0.11\"]},\"platform\":{\"deprecated\":[],\"supported\":[\"0.7\",\"0.8\",\"0.9\",\"0.10\",\"0.11\",\"0.12\",\"0.13\"]}}},\"createdBy\":{\"name\":\"Pack CLI\",\"version\":\"0.33.2+git-f2cffc4.build-5562\"},\"images\":[{\"image\":\"index.docker.io/pake"
21:45:35.316 [Test worker] DEBUG com.github.dockerjava.zerodep.shaded.org.apache.hc.client5.http.wire - http-outgoing-0 << "tobuildpacks/run-jammy-base:latest\",\"mirrors\":[]}]}","io.buildpacks.buildpack.layers":"{\"paketo-buildpacks/apache-tomcat\":{\"8.1.0\":{\"api\":\"0.7\",\"stacks\":[{\"id\":\"*\"}],\"targets\":[{\"os\":\"linux\",\"arch\":\"amd64\"},{\"os\":\"linux\",\"arch\":\"arm64\"}],\"layerDiffID\":\"sha256:ebd55eafd18ed10dd387caf8bf6a1641c817455fe324bf6119bf99182eb63a54\",\"homepage\":\"https://github.com/paketo-buildpacks/apache-tomcat\",\"name\":\"Paketo Buildpack for Apache Tomcat\"}},\"paketo-buildpacks/apache-tomee\":{\"1.10.0\":{\"api\":\"0.7\",\"stacks\":[{\"id\":\"*\"}],\"targe"
21:45:35.317 [Test worker] DEBUG com.github.dockerjava.zerodep.shaded.org.apache.hc.client5.http.wire - http-outgoing-0 << "[\r][\n]"
21:45:35.317 [Test worker] DEBUG com.github.dockerjava.zerodep.shaded.org.apache.hc.client5.http.wire - http-outgoing-0 << "8000[\r][\n]"
[...]
21:45:37.518 [testcontainers-wait-0] DEBUG com.github.dockerjava.zerodep.shaded.org.apache.hc.client5.http.impl.io.PoolingHttpClientConnectionManager - ex-00000012: endpoint leased [route: {}->unix://localhost:2375][total available: 1; route allocated: 2 of 2147483647; total allocated: 2 of 2147483647]
21:45:37.518 [testcontainers-wait-0] DEBUG com.github.dockerjava.zerodep.shaded.org.apache.hc.client5.http.impl.io.PoolingHttpClientConnectionManager - ex-00000012: acquired ep-00000011
21:45:37.518 [testcontainers-wait-0] DEBUG com.github.dockerjava.zerodep.shaded.org.apache.hc.client5.http.impl.classic.InternalHttpClient - ex-00000012: acquired endpoint ep-00000011
21:45:37.519 [testcontainers-wait-0] DEBUG com.github.dockerjava.zerodep.shaded.org.apache.hc.client5.http.impl.classic.MainClientExec - ex-00000012: executing GET /v1.32/exec/636e62c394eb0cbb528078abb7cf00c96387e023e8180fdd176ded0dca0f322a/json HTTP/1.1
21:45:37.519 [testcontainers-wait-0] DEBUG com.github.dockerjava.zerodep.shaded.org.apache.hc.client5.http.impl.classic.InternalHttpClient - ep-00000011: start execution ex-00000012
21:45:37.519 [testcontainers-wait-0] DEBUG com.github.dockerjava.zerodep.shaded.org.apache.hc.client5.http.impl.io.PoolingHttpClientConnectionManager - ep-00000011: executing exchange ex-00000012 over http-outgoing-2
21:45:37.519 [testcontainers-wait-0] DEBUG com.github.dockerjava.zerodep.shaded.org.apache.hc.client5.http.headers - http-outgoing-2 >> GET /v1.32/exec/636e62c394eb0cbb528078abb7cf00c96387e023e8180fdd176ded0dca0f322a/json HTTP/1.1
21:45:37.519 [testcontainers-wait-0] DEBUG com.github.dockerjava.zerodep.shaded.org.apache.hc.client5.http.headers - http-outgoing-2 >> accept: application/json
21:45:37.519 [testcontainers-wait-0] DEBUG com.github.dockerjava.zerodep.shaded.org.apache.hc.client5.http.headers - http-outgoing-2 >> x-tc-sid: 02f67430-f20c-4fdd-b619-db29e6c89474
21:45:37.519 [testcontainers-wait-0] DEBUG com.github.dockerjava.zerodep.shaded.org.apache.hc.client5.http.headers - http-outgoing-2 >> User-Agent: tc-java/1.19.3
21:45:37.519 [testcontainers-wait-0] DEBUG com.github.dockerjava.zerodep.shaded.org.apache.hc.client5.http.headers - http-outgoing-2 >> Accept-Encoding: gzip, x-gzip, deflate
21:45:37.519 [testcontainers-wait-0] DEBUG com.github.dockerjava.zerodep.shaded.org.apache.hc.client5.http.headers - http-outgoing-2 >> Host: localhost:2375
21:45:37.519 [testcontainers-wait-0] DEBUG com.github.dockerjava.zerodep.shaded.org.apache.hc.client5.http.headers - http-outgoing-2 >> Connection: keep-alive
21:45:37.519 [testcontainers-wait-0] DEBUG com.github.dockerjava.zerodep.shaded.org.apache.hc.client5.http.wire - http-outgoing-2 >> "GET /v1.32/exec/636e62c394eb0cbb528078abb7cf00c96387e023e8180fdd176ded0dca0f322a/json HTTP/1.1[\r][\n]"
21:45:37.519 [testcontainers-wait-0] DEBUG com.github.dockerjava.zerodep.shaded.org.apache.hc.client5.http.wire - http-outgoing-2 >> "accept: application/json[\r][\n]"
21:45:37.519 [testcontainers-wait-0] DEBUG com.github.dockerjava.zerodep.shaded.org.apache.hc.client5.http.wire - http-outgoing-2 >> "x-tc-sid: 02f67430-f20c-4fdd-b619-db29e6c89474[\r][\n]"
21:45:37.519 [testcontainers-wait-0] DEBUG com.github.dockerjava.zerodep.shaded.org.apache.hc.client5.http.wire - http-outgoing-2 >> "User-Agent: tc-java/1.19.3[\r][\n]"
21:45:37.519 [testcontainers-wait-0] DEBUG com.github.dockerjava.zerodep.shaded.org.apache.hc.client5.http.wire - http-outgoing-2 >> "Accept-Encoding: gzip, x-gzip, deflate[\r][\n]"
21:45:37.519 [testcontainers-wait-0] DEBUG com.github.dockerjava.zerodep.shaded.org.apache.hc.client5.http.wire - http-outgoing-2 >> "Host: localhost:2375[\r][\n]"
21:45:37.519 [testcontainers-wait-0] DEBUG com.github.dockerjava.zerodep.shaded.org.apache.hc.client5.http.wire - http-outgoing-2 >> "Connection: keep-alive[\r][\n]"
21:45:37.519 [testcontainers-wait-0] DEBUG com.github.dockerjava.zerodep.shaded.org.apache.hc.client5.http.wire - http-outgoing-2 >> "[\r][\n]"
21:45:37.525 [testcontainers-wait-0] DEBUG com.github.dockerjava.zerodep.shaded.org.apache.hc.client5.http.wire - http-outgoing-2 << "HTTP/1.1 200 OK[\r][\n]"
21:45:37.525 [testcontainers-wait-0] DEBUG com.github.dockerjava.zerodep.shaded.org.apache.hc.client5.http.wire - http-outgoing-2 << "Api-Version: 1.43[\r][\n]"
21:45:37.525 [testcontainers-wait-0] DEBUG com.github.dockerjava.zerodep.shaded.org.apache.hc.client5.http.wire - http-outgoing-2 << "Content-Type: application/json[\r][\n]"
21:45:37.525 [testcontainers-wait-0] DEBUG com.github.dockerjava.zerodep.shaded.org.apache.hc.client5.http.wire - http-outgoing-2 << "Date: Tue, 11 Jun 2024 00:45:37 GMT[\r][\n]"
21:45:37.525 [testcontainers-wait-0] DEBUG com.github.dockerjava.zerodep.shaded.org.apache.hc.client5.http.wire - http-outgoing-2 << "Docker-Experimental: false[\r][\n]"
21:45:37.525 [testcontainers-wait-0] DEBUG com.github.dockerjava.zerodep.shaded.org.apache.hc.client5.http.wire - http-outgoing-2 << "Ostype: linux[\r][\n]"
21:45:37.525 [testcontainers-wait-0] DEBUG com.github.dockerjava.zerodep.shaded.org.apache.hc.client5.http.wire - http-outgoing-2 << "Server: Docker/24.0.2 (linux)[\r][\n]"
21:45:37.525 [testcontainers-wait-0] DEBUG com.github.dockerjava.zerodep.shaded.org.apache.hc.client5.http.wire - http-outgoing-2 << "Transfer-Encoding: chunked[\r][\n]"
21:45:37.525 [testcontainers-wait-0] DEBUG com.github.dockerjava.zerodep.shaded.org.apache.hc.client5.http.wire - http-outgoing-2 << "[\r][\n]"
21:45:37.525 [testcontainers-wait-0] DEBUG com.github.dockerjava.zerodep.shaded.org.apache.hc.client5.http.headers - http-outgoing-2 << HTTP/1.1 200 OK
21:45:37.525 [testcontainers-wait-0] DEBUG com.github.dockerjava.zerodep.shaded.org.apache.hc.client5.http.headers - http-outgoing-2 << Api-Version: 1.43
21:45:37.525 [testcontainers-wait-0] DEBUG com.github.dockerjava.zerodep.shaded.org.apache.hc.client5.http.headers - http-outgoing-2 << Content-Type: application/json
21:45:37.525 [testcontainers-wait-0] DEBUG com.github.dockerjava.zerodep.shaded.org.apache.hc.client5.http.headers - http-outgoing-2 << Date: Tue, 11 Jun 2024 00:45:37 GMT
21:45:37.525 [testcontainers-wait-0] DEBUG com.github.dockerjava.zerodep.shaded.org.apache.hc.client5.http.headers - http-outgoing-2 << Docker-Experimental: false
21:45:37.525 [testcontainers-wait-0] DEBUG com.github.dockerjava.zerodep.shaded.org.apache.hc.client5.http.headers - http-outgoing-2 << Ostype: linux
21:45:37.525 [testcontainers-wait-0] DEBUG com.github.dockerjava.zerodep.shaded.org.apache.hc.client5.http.headers - http-outgoing-2 << Server: Docker/24.0.2 (linux)
21:45:37.525 [testcontainers-wait-0] DEBUG com.github.dockerjava.zerodep.shaded.org.apache.hc.client5.http.headers - http-outgoing-2 << Transfer-Encoding: chunked
21:45:37.526 [testcontainers-wait-0] DEBUG com.github.dockerjava.zerodep.shaded.org.apache.hc.client5.http.impl.classic.MainClientExec - ex-00000012: connection can be kept alive for 3 MINUTES
21:45:37.526 [testcontainers-wait-0] DEBUG com.github.dockerjava.zerodep.shaded.org.apache.hc.client5.http.wire - http-outgoing-2 << "21f[\r][\n]"
21:45:37.526 [testcontainers-wait-0] DEBUG com.github.dockerjava.zerodep.shaded.org.apache.hc.client5.http.wire - http-outgoing-2 << "{"ID":"636e62c394eb0cbb528078abb7cf00c96387e023e8180fdd176ded0dca0f322a","Running":false,"ExitCode":0,"ProcessConfig":{"tty":false,"entrypoint":"/bin/sh","arguments":["-c","while true; do ( true  &&  (grep -i ':0*18eb' /proc/net/tcp* || nc -vz -w 1 localhost 6379 || /bin/bash -c '</dev/tcp/localhost/6379') ) && exit 0 || sleep 0.1; done"],"privileged":false},"OpenStdin":false,"OpenStderr":true,"OpenStdout":true,"CanRemove":false,"ContainerID":"927108904e9bf736db35be226f1d5f703c533885f6f86d606680730f92d44b2c","DetachKeys":"","Pid":49348}[\n]"
21:45:37.526 [testcontainers-wait-0] DEBUG com.github.dockerjava.zerodep.shaded.org.apache.hc.client5.http.wire - http-outgoing-2 << "[\r][\n]"
21:45:37.531 [testcontainers-wait-0] DEBUG com.github.dockerjava.zerodep.shaded.org.apache.hc.client5.http.wire - http-outgoing-2 << "0[\r][\n]"
21:45:37.531 [testcontainers-wait-0] DEBUG com.github.dockerjava.zerodep.shaded.org.apache.hc.client5.http.wire - http-outgoing-2 << "[\r][\n]"
21:45:37.531 [testcontainers-wait-0] DEBUG com.github.dockerjava.zerodep.shaded.org.apache.hc.client5.http.impl.classic.InternalHttpClient - ep-00000011: releasing valid endpoint
21:45:37.531 [testcontainers-wait-0] DEBUG com.github.dockerjava.zerodep.shaded.org.apache.hc.client5.http.impl.io.PoolingHttpClientConnectionManager - ep-00000011: releasing endpoint
21:45:37.531 [testcontainers-wait-0] DEBUG com.github.dockerjava.zerodep.shaded.org.apache.hc.client5.http.impl.io.PoolingHttpClientConnectionManager - ep-00000011: connection http-outgoing-2 can be kept alive for 3 MINUTES
21:45:37.531 [testcontainers-wait-0] DEBUG com.github.dockerjava.zerodep.shaded.org.apache.hc.client5.http.impl.io.PoolingHttpClientConnectionManager - ep-00000011: connection released [route: {}->unix://localhost:2375][total available: 2; route allocated: 2 of 2147483647; total allocated: 2 of 2147483647]
21:45:37.532 [testcontainers-wait-0] DEBUG org.testcontainers.containers.wait.strategy.HostPortWaitStrategy - Internal port check passed for [6379] in PT0.257156S
21:45:37.533 [Test worker] INFO tc.redis:7.0 - Container redis:7.0 started in PT0.872189S
21:45:37.551 [Test worker] DEBUG org.springframework.test.context.support.DependencyInjectionTestExecutionListener - Performing dependency injection for test context [[DefaultTestContext@5b43e173 testClass = EdgeServiceApplicationTests, testInstance = com.polarbookshop.edge_service.EdgeServiceApplicationTests@76332405, testMethod = [null], testException = [null], mergedContextConfiguration = [ReactiveWebMergedContextConfiguration@28f8e165 testClass = EdgeServiceApplicationTests, locations = '{}', classes = '{class com.polarbookshop.edge_service.EdgeServiceApplication}', contextInitializerClasses = '[]', activeProfiles = '{}', propertySourceLocations = '{}', propertySourceProperties = '{org.springframework.boot.test.context.SpringBootTestContextBootstrapper=true, server.port=0}', contextCustomizers = set[org.springframework.boot.test.autoconfigure.actuate.metrics.MetricsExportContextCustomizerFactory$DisableMetricExportContextCustomizer@36676c1a, org.springframework.boot.test.autoconfigure.properties.PropertyMappingContextCustomizer@0, org.springframework.boot.test.autoconfigure.web.servlet.WebDriverContextCustomizerFactory$Customizer@6c8bca63, org.springframework.boot.test.context.filter.ExcludeFilterContextCustomizer@2b491fee, org.springframework.boot.test.json.DuplicateJsonObjectContextCustomizerFactory$DuplicateJsonObjectContextCustomizer@63192798, org.springframework.boot.test.mock.mockito.MockitoContextCustomizer@0, org.springframework.boot.test.web.client.TestRestTemplateContextCustomizer@6f0ca692, org.springframework.boot.test.web.reactive.server.WebTestClientContextCustomizer@1d7f7be7, org.springframework.test.context.support.DynamicPropertiesContextCustomizer@d76b7e2, org.springframework.boot.test.context.SpringBootTestArgs@1, org.springframework.boot.test.context.SpringBootTestWebEnvironment@3e2059ae], contextLoader = 'org.springframework.boot.test.context.SpringBootContextLoader', parent = [null]], attributes = map['org.springframework.test.context.web.ServletTestExecutionListener.activateListener' -> false, 'org.springframework.test.context.event.ApplicationEventsTestExecutionListener.recordApplicationEvents' -> false]]].

  .   ____          _            __ _ _
 /\\ / ___'_ __ _ _(_)_ __  __ _ \ \ \ \
( ( )\___ | '_ | '_| | '_ \/ _` | \ \ \ \
 \\/  ___)| |_)| | | | | || (_| |  ) ) ) )
  '  |____| .__|_| |_|_| |_\__, | / / / /
 =========|_|==============|___/=/_/_/_/
 :: Spring Boot ::               (v2.7.18)

2024-06-10 21:45:43.523  INFO 4424 --- [    Test worker] c.p.e.EdgeServiceApplicationTests        : Starting EdgeServiceApplicationTests using Java 17.0.6 on MacBook-Pro-de-Daniel.local with PID 4424 (started by daniel in /Users/daniel/Documents/codigo_fonte/edge-service)
2024-06-10 21:45:43.524  INFO 4424 --- [    Test worker] c.p.e.EdgeServiceApplicationTests        : No active profile set, falling back to 1 default profile: "default"
2024-06-10 21:45:43.543  INFO 4424 --- [    Test worker] o.s.c.c.c.ConfigServerConfigDataLoader   : Fetching config from server at : http://localhost:8888
2024-06-10 21:45:43.543  INFO 4424 --- [    Test worker] o.s.c.c.c.ConfigServerConfigDataLoader   : Connect Timeout Exception on Url - http://localhost:8888. Will be trying the next url if available
2024-06-10 21:45:43.543  WARN 4424 --- [    Test worker] o.s.c.c.c.ConfigServerConfigDataLoader   : Could not locate PropertySource ([ConfigServerConfigDataResource@5f8a02cf uris = array<String>['http://localhost:8888'], optional = true, profiles = 'default']): I/O error on GET request for "http://localhost:8888/edge-service/default": Connection refused; nested exception is java.net.ConnectException: Connection refused
2024-06-10 21:45:43.543  INFO 4424 --- [    Test worker] o.s.c.c.c.ConfigServerConfigDataLoader   : Fetching config from server at : http://localhost:8888
2024-06-10 21:45:43.543  INFO 4424 --- [    Test worker] o.s.c.c.c.ConfigServerConfigDataLoader   : Connect Timeout Exception on Url - http://localhost:8888. Will be trying the next url if available
2024-06-10 21:45:43.543  WARN 4424 --- [    Test worker] o.s.c.c.c.ConfigServerConfigDataLoader   : Could not locate PropertySource ([ConfigServerConfigDataResource@2e56b4d uris = array<String>['http://localhost:8888'], optional = true, profiles = 'default']): I/O error on GET request for "http://localhost:8888/edge-service/default": Connection refused; nested exception is java.net.ConnectException: Connection refused
2024-06-10 21:45:43.543  INFO 4424 --- [    Test worker] o.s.c.c.c.ConfigServerConfigDataLoader   : Fetching config from server at : http://localhost:8888
2024-06-10 21:45:43.543  INFO 4424 --- [    Test worker] o.s.c.c.c.ConfigServerConfigDataLoader   : Connect Timeout Exception on Url - http://localhost:8888. Will be trying the next url if available
2024-06-10 21:45:43.543  WARN 4424 --- [    Test worker] o.s.c.c.c.ConfigServerConfigDataLoader   : Could not locate PropertySource ([ConfigServerConfigDataResource@3f857e08 uris = array<String>['http://localhost:8888'], optional = true, profiles = 'default']): I/O error on GET request for "http://localhost:8888/edge-service/default": Connection refused; nested exception is java.net.ConnectException: Connection refused
2024-06-10 21:45:44.046 DEBUG 4424 --- [    Test worker] i.g.r.utils.RxJava2OnClasspathCondition  : RxJava2 related Aspect extensions are not activated, because RxJava2 is not on the classpath.
2024-06-10 21:45:44.064 DEBUG 4424 --- [    Test worker] i.g.r.utils.AspectJOnClasspathCondition  : Aspects are not activated because AspectJ is not on the classpath.
2024-06-10 21:45:44.064 DEBUG 4424 --- [    Test worker] i.g.r.utils.RxJava2OnClasspathCondition  : RxJava2 related Aspect extensions are not activated, because RxJava2 is not on the classpath.
2024-06-10 21:45:44.064 DEBUG 4424 --- [    Test worker] i.g.r.utils.AspectJOnClasspathCondition  : Aspects are not activated because AspectJ is not on the classpath.
2024-06-10 21:45:44.074 DEBUG 4424 --- [    Test worker] i.g.r.utils.AspectJOnClasspathCondition  : Aspects are not activated because AspectJ is not on the classpath.
2024-06-10 21:45:44.074 DEBUG 4424 --- [    Test worker] i.g.r.utils.RxJava2OnClasspathCondition  : RxJava2 related Aspect extensions are not activated, because RxJava2 is not on the classpath.
2024-06-10 21:45:44.075 DEBUG 4424 --- [    Test worker] i.g.r.utils.AspectJOnClasspathCondition  : Aspects are not activated because AspectJ is not on the classpath.
2024-06-10 21:45:44.083 DEBUG 4424 --- [    Test worker] i.g.r.utils.AspectJOnClasspathCondition  : Aspects are not activated because AspectJ is not on the classpath.
2024-06-10 21:45:44.083 DEBUG 4424 --- [    Test worker] i.g.r.utils.RxJava2OnClasspathCondition  : RxJava2 related Aspect extensions are not activated, because RxJava2 is not on the classpath.
2024-06-10 21:45:44.084 DEBUG 4424 --- [    Test worker] i.g.r.utils.AspectJOnClasspathCondition  : Aspects are not activated because AspectJ is not on the classpath.
2024-06-10 21:45:44.092 DEBUG 4424 --- [    Test worker] i.g.r.utils.AspectJOnClasspathCondition  : Aspects are not activated because AspectJ is not on the classpath.
2024-06-10 21:45:44.093 DEBUG 4424 --- [    Test worker] i.g.r.utils.RxJava2OnClasspathCondition  : RxJava2 related Aspect extensions are not activated, because RxJava2 is not on the classpath.
2024-06-10 21:45:44.093 DEBUG 4424 --- [    Test worker] i.g.r.utils.AspectJOnClasspathCondition  : Aspects are not activated because AspectJ is not on the classpath.
2024-06-10 21:45:44.133  INFO 4424 --- [    Test worker] .s.d.r.c.RepositoryConfigurationDelegate : Multiple Spring Data modules found, entering strict repository configuration mode
2024-06-10 21:45:44.137  INFO 4424 --- [    Test worker] .s.d.r.c.RepositoryConfigurationDelegate : Bootstrapping Spring Data Redis repositories in DEFAULT mode.
2024-06-10 21:45:44.177  INFO 4424 --- [    Test worker] .s.d.r.c.RepositoryConfigurationDelegate : Finished Spring Data repository scanning in 23 ms. Found 0 Redis repository interfaces.
2024-06-10 21:45:44.373  INFO 4424 --- [    Test worker] o.s.cloud.context.scope.GenericScope     : BeanFactory id=eb31867b-7c40-3065-b037-16d72372928e
2024-06-10 21:45:45.845  INFO 4424 --- [    Test worker] o.s.c.g.r.RouteDefinitionRouteLocator    : Loaded RoutePredicateFactory [After]
2024-06-10 21:45:45.846  INFO 4424 --- [    Test worker] o.s.c.g.r.RouteDefinitionRouteLocator    : Loaded RoutePredicateFactory [Before]
2024-06-10 21:45:45.846  INFO 4424 --- [    Test worker] o.s.c.g.r.RouteDefinitionRouteLocator    : Loaded RoutePredicateFactory [Between]
2024-06-10 21:45:45.846  INFO 4424 --- [    Test worker] o.s.c.g.r.RouteDefinitionRouteLocator    : Loaded RoutePredicateFactory [Cookie]
2024-06-10 21:45:45.846  INFO 4424 --- [    Test worker] o.s.c.g.r.RouteDefinitionRouteLocator    : Loaded RoutePredicateFactory [Header]
2024-06-10 21:45:45.846  INFO 4424 --- [    Test worker] o.s.c.g.r.RouteDefinitionRouteLocator    : Loaded RoutePredicateFactory [Host]
2024-06-10 21:45:45.846  INFO 4424 --- [    Test worker] o.s.c.g.r.RouteDefinitionRouteLocator    : Loaded RoutePredicateFactory [Method]
2024-06-10 21:45:45.846  INFO 4424 --- [    Test worker] o.s.c.g.r.RouteDefinitionRouteLocator    : Loaded RoutePredicateFactory [Path]
2024-06-10 21:45:45.846  INFO 4424 --- [    Test worker] o.s.c.g.r.RouteDefinitionRouteLocator    : Loaded RoutePredicateFactory [Query]
2024-06-10 21:45:45.846  INFO 4424 --- [    Test worker] o.s.c.g.r.RouteDefinitionRouteLocator    : Loaded RoutePredicateFactory [ReadBody]
2024-06-10 21:45:45.846  INFO 4424 --- [    Test worker] o.s.c.g.r.RouteDefinitionRouteLocator    : Loaded RoutePredicateFactory [RemoteAddr]
2024-06-10 21:45:45.846  INFO 4424 --- [    Test worker] o.s.c.g.r.RouteDefinitionRouteLocator    : Loaded RoutePredicateFactory [XForwardedRemoteAddr]
2024-06-10 21:45:45.846  INFO 4424 --- [    Test worker] o.s.c.g.r.RouteDefinitionRouteLocator    : Loaded RoutePredicateFactory [Weight]
2024-06-10 21:45:45.846  INFO 4424 --- [    Test worker] o.s.c.g.r.RouteDefinitionRouteLocator    : Loaded RoutePredicateFactory [CloudFoundryRouteService]
2024-06-10 21:45:46.639  INFO 4424 --- [    Test worker] o.s.b.web.embedded.netty.NettyWebServer  : Netty started on port 55463
2024-06-10 21:45:46.748  INFO 4424 --- [    Test worker] c.p.e.EdgeServiceApplicationTests        : Started EdgeServiceApplicationTests in 9.152 seconds (JVM running for 13.398)
]]></system-out>
  <system-err><![CDATA[]]></system-err>
</testsuite>
